Arguments: 
  /usr/local/lib/node_modules/node/lib/node_modules/node/bin/node /usr/share/yarn/bin/yarn.js

PATH: 
  /home/salman/.virtualenvs/madina_erpnext/bin:/usr/local/sbin:/usr/local/bin:/usr/sbin:/usr/bin:/sbin:/bin:/usr/games:/usr/local/games:/usr/lib/wsl/lib:/mnt/c/Python312/Scripts/:/mnt/c/Python312/:/mnt/c/Program Files/NVIDIA GPU Computing Toolkit/CUDA/v11.8/bin:/mnt/c/Program Files/NVIDIA GPU Computing Toolkit/CUDA/v11.8/libnvvp:/mnt/c/WINDOWS/system32:/mnt/c/WINDOWS:/mnt/c/WINDOWS/System32/Wbem:/mnt/c/WINDOWS/System32/WindowsPowerShell/v1.0/:/mnt/c/WINDOWS/System32/OpenSSH/:/mnt/c/Program Files (x86)/NetSarang/Xshell 7/:/mnt/c/Program Files/Git/cmd:/mnt/c/Program Files/php-8.1.12-nts-Win32-vs16-x64:/mnt/c/Users/alfar/AppData/Roaming/nvm:/mnt/c/Program Files/nodejs:/mnt/c/Program Files (x86)/NVIDIA Corporation/PhysX/Common:/mnt/c/Program Files/NVIDIA Corporation/NVIDIA NvDLISR:/mnt/c/Program Files/NVIDIA Corporation/Nsight Compute 2022.3.0/:/mnt/c/Program Files/PostgreSQL/14/bin:/mnt/c/Program Files/nodejs/:/mnt/c/ProgramData/chocolatey/bin:/mnt/c/Users/alfar/composer:/mnt/c/Users/alfar/AppData/Local/Microsoft/WindowsApps:/mnt/c/Users/alfar/AppData/Local/GitHubDesktop/bin:/mnt/c/Users/alfar/AppData/Local/Programs/Microsoft VS Code/bin:/mnt/c/Users/alfar/AppData/Local/Programs/Python/Python310:/mnt/c/Users/alfar/AppData/Local/Programs/Python/Python310/Scripts:/mnt/c/Program Files/NVIDIA GPU Computing Toolkit/CUDA/v12.1/bin:/mnt/c/Program Files/NVIDIA GPU Computing Toolkit/CUDA/v12.1/libnvvp:/mnt/c/zlib123dllx64/dll_x64:/mnt/c/Users/alfar/AppData/Roaming/npm:/mnt/c/Users/alfar/AppData/Roaming/Composer/vendor/bin:/snap/bin

Yarn version: 
  1.22.19

Node version: 
  21.2.0

Platform: 
  linux x64

Trace: 
  Error: EACCES: permission denied, mkdir '/home/salman/gcg/madina/frappe-bench/apps/non_profit/fundraising/node_modules/markdown-it/node_modules/entities'

npm manifest: 
  {
    "name": "frappe-ui-frontend",
    "private": true,
    "version": "0.0.0",
    "scripts": {
      "dev": "vite",
      "build": "vite build --base=/assets/non_profit/fundraising/ && yarn copy-html-entry",
      "preview": "vite preview",
      "ionic:build": "npm run build",
      "ionic:serve": "vite dev --host",
      "copy-html-entry": "cp ../non_profit/public/fundraising/index.html ../non_profit/www/fundraising.html"
    },
    "dependencies": {
      "@ionic/angular": "^7.7.3",
      "@ionic/vue": "^7.7.3",
      "@ionic/vue-router": "^7.7.3",
      "@maskito/core": "^2.2.0",
      "@maskito/vue": "^2.2.0",
      "feather-icons": "^4.28.0",
      "frappe-ui": "^0.1.3",
      "moment": "^2.30.1",
      "swiper": "^11.0.7",
      "vue": "^3.2.25",
      "vue-quill": "^1.5.1",
      "vue-router": "^4.0.12"
    },
    "devDependencies": {
      "@vitejs/plugin-vue": "^2.0.0",
      "autoprefixer": "^10.4.2",
      "postcss": "^8.4.5",
      "tailwindcss": "^3.0.15",
      "vite": "^2.7.2"
    }
  }

yarn manifest: 
  No manifest

Lockfile: 
  # THIS IS AN AUTOGENERATED FILE. DO NOT EDIT THIS FILE DIRECTLY.
  # yarn lockfile v1
  
  
  "@angular/common@17.2.3":
    version "17.2.3"
    resolved "https://registry.npmjs.org/@angular/common/-/common-17.2.3.tgz"
    integrity sha512-XR3rWS4W7/+RknyJMUUo9E81mSeyUznpclqTZ+Hy7+i4Naeso0qcRaIyr6JJmB5UGvlnfT1MlH9Fj78Dc80NEw==
    dependencies:
      tslib "^2.3.0"
  
  "@angular/core@>=14.0.0", "@angular/core@17.2.3":
    version "17.2.3"
    resolved "https://registry.npmjs.org/@angular/core/-/core-17.2.3.tgz"
    integrity sha512-DU+RdUB4E4I489R2P2hOrgkCDJNXlVaTzYixpgeDnuldCIYM0MatEzjor9DYNL3EDCayHF+M4HlVOcn6T/IVPQ==
    dependencies:
      tslib "^2.3.0"
  
  "@angular/forms@>=14.0.0":
    version "17.2.3"
    resolved "https://registry.npmjs.org/@angular/forms/-/forms-17.2.3.tgz"
    integrity sha512-v+/6pimht808F5XpmVTNV4/109s+A7m3nadQP97qvIDsrtwrPPZR7cST+DRioG2C41VwtjXM0HVbIon/3ydo6A==
    dependencies:
      tslib "^2.3.0"
  
  "@angular/platform-browser@17.2.3":
    version "17.2.3"
    resolved "https://registry.npmjs.org/@angular/platform-browser/-/platform-browser-17.2.3.tgz"
    integrity sha512-bFi+H8avyCjwSBy+zpOKmqx852MRH8fkuZa4XgwKCPJRay8BfSCjHdtIo3eokUNPMu9JsyXM7HYKIfzLu5y6LA==
    dependencies:
      tslib "^2.3.0"
  
  "@angular/router@>=14.0.0":
    version "17.2.3"
    resolved "https://registry.npmjs.org/@angular/router/-/router-17.2.3.tgz"
    integrity sha512-8UPjMzI98xZ6cDNm0MzHd9hFq6aOQJGmgxKDUPIG2h74glRwwbiewpo5hPo2EGIF8BLvQmmAm9ytr5zesHu0cg==
    dependencies:
      tslib "^2.3.0"
  
  "@babel/code-frame@^7.0.0":
    version "7.16.7"
    resolved "https://registry.npmjs.org/@babel/code-frame/-/code-frame-7.16.7.tgz"
    integrity sha512-iAXqUn8IIeBTNd72xsFlgaXHkMBMt6y4HJp1tIaK465CWLT/fG1aqB7ykr95gHHmlBdGbFeWWfyB4NJJ0nmeIg==
    dependencies:
      "@babel/highlight" "^7.16.7"
  
  "@babel/helper-validator-identifier@^7.16.7":
    version "7.16.7"
    resolved "https://registry.npmjs.org/@babel/helper-validator-identifier/-/helper-validator-identifier-7.16.7.tgz"
    integrity sha512-hsEnFemeiW4D08A5gUAZxLBTXpZ39P+a+DGDsHw1yxqyQ/jzFEnxf5uTEGp+3bzAbNOxU1paTgYS4ECU/IgfDw==
  
  "@babel/highlight@^7.16.7":
    version "7.16.7"
    resolved "https://registry.npmjs.org/@babel/highlight/-/highlight-7.16.7.tgz"
    integrity sha512-aKpPMfLvGO3Q97V0qhw/V2SWNWlwfJknuwAunU7wZLSfrM4xTBvg7E5opUVi1kJTBKihE38CPg4nBiqX83PWYw==
    dependencies:
      "@babel/helper-validator-identifier" "^7.16.7"
      chalk "^2.0.0"
      js-tokens "^4.0.0"
  
  "@babel/parser@^7.23.9":
    version "7.23.9"
    resolved "https://registry.npmjs.org/@babel/parser/-/parser-7.23.9.tgz"
    integrity sha512-9tcKgqKbs3xGJ+NtKF2ndOBBLVwPjl1SHxPQkd36r3Dlirw3xWUeGaTbqr7uGZcTaxkVNwc+03SVP7aCdWrTlA==
  
  "@babel/runtime@^7.13.10":
    version "7.21.0"
    resolved "https://registry.npmjs.org/@babel/runtime/-/runtime-7.21.0.tgz"
    integrity sha512-xwII0//EObnq89Ji5AKYQaRYiW/nZ3llSv29d49IuxPhKbtJoLP+9QUUZ4nVragQVtaVGeZrpB+ZtG/Pdy/POw==
    dependencies:
      regenerator-runtime "^0.13.11"
  
  "@headlessui/vue@^1.7.14":
    version "1.7.16"
    resolved "https://registry.npmjs.org/@headlessui/vue/-/vue-1.7.16.tgz"
    integrity sha512-nKT+nf/q6x198SsyK54mSszaQl/z+QxtASmgMEJtpxSX2Q0OPJX0upS/9daDyiECpeAsvjkoOrm2O/6PyBQ+Qg==
  
  "@ionic/angular@^7.7.3":
    version "7.7.3"
    resolved "https://registry.npmjs.org/@ionic/angular/-/angular-7.7.3.tgz"
    integrity sha512-PddWNoF+VgiHJ8iYXK7NojjfEOILB6VzYvOaZ4Lgs5jIKtiDhl2el+doVGauYjWplD8P4CUA+jndMVo3Y/AGyA==
    dependencies:
      "@ionic/core" "7.7.3"
      ionicons "^7.0.0"
      jsonc-parser "^3.0.0"
      tslib "^2.3.0"
  
  "@ionic/core@7.7.3":
    version "7.7.3"
    resolved "https://registry.npmjs.org/@ionic/core/-/core-7.7.3.tgz"
    integrity sha512-DSv6DPuiLU2MXsgDAXKFJW5OXxT7EyPy2jcQf03RcWooWeFryy979mqotPw7BgUuWt/fVGuz2tl3peAJGSqmDQ==
    dependencies:
      "@stencil/core" "^4.12.2"
      ionicons "^7.2.2"
      tslib "^2.1.0"
  
  "@ionic/vue-router@^7.7.3":
    version "7.7.3"
    resolved "https://registry.npmjs.org/@ionic/vue-router/-/vue-router-7.7.3.tgz"
    integrity sha512-0P2pDnwpHOVyCrn2IkH2kuU7vJF0vebLTG7P7mt55+sXVQzqcU3bywTTAI3IKxrLVUqvPBcQvg8LwqEmacK5bA==
    dependencies:
      "@ionic/vue" "7.7.3"
  
  "@ionic/vue@^7.7.3", "@ionic/vue@7.7.3":
    version "7.7.3"
    resolved "https://registry.npmjs.org/@ionic/vue/-/vue-7.7.3.tgz"
    integrity sha512-5j21jj4QldoJ6qtTvhEcSoYCvTB/VlVvFx3UnNrlobmmZkryciPHP1j5evzSiuX3aKILkeJmB2yq1OBoHdvoUA==
    dependencies:
      "@ionic/core" "7.7.3"
      ionicons "^7.0.0"
  
  "@jridgewell/sourcemap-codec@^1.4.15":
    version "1.4.15"
    resolved "https://registry.npmjs.org/@jridgewell/sourcemap-codec/-/sourcemap-codec-1.4.15.tgz"
    integrity sha512-eF2rxCRulEKXHTRiDrDy6erMYWqNw4LPdQ8UQA4huuxaQsVeRPFl2oM8oDGxMFhJUWZf9McpLtJasDDZb/Bpeg==
  
  "@linaria/core@3.0.0-beta.13":
    version "3.0.0-beta.13"
    resolved "https://registry.npmjs.org/@linaria/core/-/core-3.0.0-beta.13.tgz"
    integrity sha512-3zEi5plBCOsEzUneRVuQb+2SAx3qaC1dj0FfFAI6zIJQoDWu0dlSwKijMRack7oO9tUWrchfj3OkKQAd1LBdVg==
  
  "@maskito/core@^2.2.0":
    version "2.2.0"
    resolved "https://registry.npmjs.org/@maskito/core/-/core-2.2.0.tgz"
    integrity sha512-5FRtl62j2qW89u8RoOVYLHAAmFAy0wFcEga4eO9PaNuqVBuNJpaPA0EtZ67yKPffOivso0b3rMjSkgvYEscz+w==
  
  "@maskito/vue@^2.2.0":
    version "2.2.0"
    resolved "https://registry.npmjs.org/@maskito/vue/-/vue-2.2.0.tgz"
    integrity sha512-3FySM3wuQ5ji8Yk0lS/VFSEVeupSC7UgbbSriVee2/RTm/wRN3lPrtFUFHCVJ+wvI6ZVFSBfeSJFcXS3mZHg7A==
  
  "@nodelib/fs.scandir@2.1.5":
    version "2.1.5"
    resolved "https://registry.npmjs.org/@nodelib/fs.scandir/-/fs.scandir-2.1.5.tgz"
    integrity sha512-vq24Bq3ym5HEQm2NKCr3yXDwjc7vTsEThRDnkp2DK9p1uqLR+DHurm/NOTo0KG7HYHU7eppKZj3MyqYuMBf62g==
    dependencies:
      "@nodelib/fs.stat" "2.0.5"
      run-parallel "^1.1.9"
  
  "@nodelib/fs.stat@^2.0.2", "@nodelib/fs.stat@2.0.5":
    version "2.0.5"
    resolved "https://registry.npmjs.org/@nodelib/fs.stat/-/fs.stat-2.0.5.tgz"
    integrity sha512-RkhPPp2zrqDAQA/2jNhnztcPAlv64XdhIp7a7454A5ovI7Bukxgt7MX7udwAu3zg1DcpPU0rz3VV1SeaqvY4+A==
  
  "@nodelib/fs.walk@^1.2.3":
    version "1.2.8"
    resolved "https://registry.npmjs.org/@nodelib/fs.walk/-/fs.walk-1.2.8.tgz"
    integrity sha512-oGB+UxlgWcgQkgwo8GcEGwemoTFt3FIO9ababBmaGwXIoBKZ+GTy0pP185beGg7Llih/NSHSV2XAs1lnznocSg==
    dependencies:
      "@nodelib/fs.scandir" "2.1.5"
      fastq "^1.6.0"
  
  "@popperjs/core@^2.11.2":
    version "2.11.2"
    resolved "https://registry.npmjs.org/@popperjs/core/-/core-2.11.2.tgz"
    integrity sha512-92FRmppjjqz29VMJ2dn+xdyXZBrMlE42AV6Kq6BwjWV7CNUW1hs2FtxSNLQE+gJhaZ6AAmYuO9y8dshhcBl7vA==
  
  "@popperjs/core@^2.9.0":
    version "2.11.7"
    resolved "https://registry.npmjs.org/@popperjs/core/-/core-2.11.7.tgz"
    integrity sha512-Cr4OjIkipTtcXKjAsm8agyleBuDHvxzeBoa1v543lbv1YaIwQjESsVcmjiWiPEbC1FIeHOG/Op9kdCmAmiS3Kw==
  
  "@remirror/core-constants@^2.0.0":
    version "2.0.0"
    resolved "https://registry.npmjs.org/@remirror/core-constants/-/core-constants-2.0.0.tgz"
    integrity sha512-vpePPMecHJllBqCWXl6+FIcZqS+tRUM2kSCCKFeEo1H3XUEv3ocijBIPhnlSAa7g6maX+12ATTgxrOsLpWVr2g==
    dependencies:
      "@babel/runtime" "^7.13.10"
  
  "@remirror/core-helpers@^2.0.1":
    version "2.0.1"
    resolved "https://registry.npmjs.org/@remirror/core-helpers/-/core-helpers-2.0.1.tgz"
    integrity sha512-s8M1pn33aBUhduvD1QR02uUQMegnFkGaTr4c1iBzxTTyg0rbQstzuQ7Q8TkL6n64JtgCdJS9jLz2dONb2meBKQ==
    dependencies:
      "@babel/runtime" "^7.13.10"
      "@linaria/core" "3.0.0-beta.13"
      "@remirror/core-constants" "^2.0.0"
      "@remirror/types" "^1.0.0"
      "@types/object.omit" "^3.0.0"
      "@types/object.pick" "^1.3.1"
      "@types/throttle-debounce" "^2.1.0"
      case-anything "^2.1.10"
      dash-get "^1.0.2"
      deepmerge "^4.2.2"
      fast-deep-equal "^3.1.3"
      make-error "^1.3.6"
      object.omit "^3.0.0"
      object.pick "^1.3.0"
      throttle-debounce "^3.0.1"
  
  "@remirror/types@^1.0.0":
    version "1.0.0"
    resolved "https://registry.npmjs.org/@remirror/types/-/types-1.0.0.tgz"
    integrity sha512-7HQbW7k8VxrAtfzs9FxwO6XSDabn8tSFDi1wwzShOnU+cvaYpfxu0ygyTk3TpXsag1hgFKY3ZIlAfB4WVz2LkQ==
    dependencies:
      type-fest "^2.0.0"
  
  "@socket.io/component-emitter@~3.1.0":
    version "3.1.0"
    resolved "https://registry.npmjs.org/@socket.io/component-emitter/-/component-emitter-3.1.0.tgz"
    integrity sha512-+9jVqKhRSpsc591z5vX+X5Yyw+he/HCB4iQ/RYxw35CEPaY1gnsNE43nf9n9AaYjAQrTiI/mOwKUKdUs9vf7Xg==
  
  "@stencil/core@^4.0.3", "@stencil/core@^4.12.2":
    version "4.12.3"
    resolved "https://registry.npmjs.org/@stencil/core/-/core-4.12.3.tgz"
    integrity sha512-9XkE9i2aXPlApMNeq3tbVHKx0eAfDc7QGyIl6t5NMuQFTOGL5Xd1soF38d+hCIDpUoUUtY7jXWg+iFrlrMzQhg==
  
  "@tailwindcss/forms@^0.5.3":
    version "0.5.3"
    resolved "https://registry.npmjs.org/@tailwindcss/forms/-/forms-0.5.3.tgz"
    integrity sha512-y5mb86JUoiUgBjY/o6FJSFZSEttfb3Q5gllE4xoKjAAD+vBrnIhE4dViwUuow3va8mpH4s9jyUbUbrRGoRdc2Q==
    dependencies:
      mini-svg-data-uri "^1.2.3"
  
  "@tailwindcss/typography@^0.5.0":
    version "0.5.0"
    resolved "https://registry.npmjs.org/@tailwindcss/typography/-/typography-0.5.0.tgz"
    integrity sha512-1p/3C6C+JJziS/ghtG8ACYalbA2SyLJY27Pm33cVTlAoY6VQ7zfm2H64cPxUMBkVIlWXTtWHhZcZJPobMRmQAA==
    dependencies:
      lodash.castarray "^4.4.0"
      lodash.isplainobject "^4.0.6"
      lodash.merge "^4.6.2"
      lodash.uniq "^4.5.0"
  
  "@tiptap/core@^2.0.0", "@tiptap/core@^2.1.10":
    version "2.1.10"
    resolved "https://registry.npmjs.org/@tiptap/core/-/core-2.1.10.tgz"
    integrity sha512-yhUKsac6nlqbPQfwQnp+4Jb110EqmzocXKoZacLwzHpM7JVsr2+LXMDu9kahtrvHNJErJljhnQvDHRsrrYeJkQ==
  
  "@tiptap/extension-blockquote@^2.1.10":
    version "2.1.10"
    resolved "https://registry.npmjs.org/@tiptap/extension-blockquote/-/extension-blockquote-2.1.10.tgz"
    integrity sha512-lpBF/a+qgv4Bdf7HYisTkMFdFdGfn2SqspsydvG8UI7N9B/PfnCCrtoMaC3bqTaT6u8ZVxyM3Y3vnq2AxXJvBw==
  
  "@tiptap/extension-bold@^2.1.10":
    version "2.1.10"
    resolved "https://registry.npmjs.org/@tiptap/extension-bold/-/extension-bold-2.1.10.tgz"
    integrity sha512-I43WCwc7pyz5vtKGj24Rjv7HN0EK5S4PlADQPBuhC1qQvfCTFvjrBB6ZmsekUMGmllW0qMOFVLSjtffpckqshA==
  
  "@tiptap/extension-bubble-menu@^2.1.10":
    version "2.1.10"
    resolved "https://registry.npmjs.org/@tiptap/extension-bubble-menu/-/extension-bubble-menu-2.1.10.tgz"
    integrity sha512-XxgJajXkfAj/fChXkIwKBs7/3pd7OxV1uGc6Opx1qW/nSRYx/rr97654Sx/sg6auwIlbpRoqTmyqjbykGX1/yA==
    dependencies:
      tippy.js "^6.3.7"
  
  "@tiptap/extension-bullet-list@^2.1.10":
    version "2.1.10"
    resolved "https://registry.npmjs.org/@tiptap/extension-bullet-list/-/extension-bullet-list-2.1.10.tgz"
    integrity sha512-e6aFr29OSOmXsjFZB2zt3p8aeCWOx0C9Ayrpdf4QBUCOUJtt6FQPxxiYc+XZcdrYbLGLznA7QJlulCK9SGv2Fw==
  
  "@tiptap/extension-code-block@^2.1.10":
    version "2.1.10"
    resolved "https://registry.npmjs.org/@tiptap/extension-code-block/-/extension-code-block-2.1.10.tgz"
    integrity sha512-M+s89V9mP3tOoS6p/X2Dzw/Z7Fcg9EF0ZXlsMNifdlpwJlhAIYxI7vjPBmkMAFXTDB5eMZblXyNQaZ7v6V2Yeg==
  
  "@tiptap/extension-code@^2.1.10":
    version "2.1.10"
    resolved "https://registry.npmjs.org/@tiptap/extension-code/-/extension-code-2.1.10.tgz"
    integrity sha512-1yy/kR0FAeMkDdAt1LW/FH6vlyZLqLZqY6BM+wBCiGrr+XeA5FTXih9iT/4gbTRuIzG0EPqx18nvroG7hUsWBg==
  
  "@tiptap/extension-color@^2.0.3":
    version "2.1.10"
    resolved "https://registry.npmjs.org/@tiptap/extension-color/-/extension-color-2.1.10.tgz"
    integrity sha512-ZBHi/4+bT3PbC/PtZFF6lc1QbnhUYBLRd4o6AHbtNqBFVcagbRUeiyxJg5xXQa/Ar9eR3NPkG0y5WY/kRxB9Bg==
  
  "@tiptap/extension-document@^2.1.10":
    version "2.1.10"
    resolved "https://registry.npmjs.org/@tiptap/extension-document/-/extension-document-2.1.10.tgz"
    integrity sha512-jNlNGQIGg471DvzhADaEoRINa3LNghowrBbKK9d5wGVnbKRykNEPwjCf8zNl+m5NBmCZl3lsdznlwBk5zyh5Bg==
  
  "@tiptap/extension-dropcursor@^2.1.10":
    version "2.1.10"
    resolved "https://registry.npmjs.org/@tiptap/extension-dropcursor/-/extension-dropcursor-2.1.10.tgz"
    integrity sha512-GhsWsCq6wLb8HJ32BeAm7ndv4lPyu1F7FFwmnARzEF5q54FV20kWSv2zC+Dv0dTvynXR3quXybdUM92xeNDovw==
  
  "@tiptap/extension-floating-menu@^2.1.10":
    version "2.1.10"
    resolved "https://registry.npmjs.org/@tiptap/extension-floating-menu/-/extension-floating-menu-2.1.10.tgz"
    integrity sha512-uChrDrY3usnF9wSegqq+YGaqd229p9gmaB5xyOyMERDs972hKj4Ul95rXzBBiMKAWUMw9eM09i7+ijTzz4KDUw==
    dependencies:
      tippy.js "^6.3.7"
  
  "@tiptap/extension-gapcursor@^2.1.10":
    version "2.1.10"
    resolved "https://registry.npmjs.org/@tiptap/extension-gapcursor/-/extension-gapcursor-2.1.10.tgz"
    integrity sha512-WSBT9X7dzg0HyMoMP/Yyxl28QwIJO90YzobI9z5mav86BQv7C5wU0fQSpbpAbsN3s7lxKhPwNrXkwkpnXT4ZCA==
  
  "@tiptap/extension-hard-break@^2.1.10":
    version "2.1.10"
    resolved "https://registry.npmjs.org/@tiptap/extension-hard-break/-/extension-hard-break-2.1.10.tgz"
    integrity sha512-sYrzpPoV5jQri+duGb50nDTs+hOBQDxXTKlJuZNFfZMwgx6epwxb8xICcGAUJFShuuW8UAWCNcB4jG9tMqgvyw==
  
  "@tiptap/extension-heading@^2.1.10":
    version "2.1.10"
    resolved "https://registry.npmjs.org/@tiptap/extension-heading/-/extension-heading-2.1.10.tgz"
    integrity sha512-1OgmrRPMcY52WI7I4799xd4eIsEX/bI813B8mZvNYXLzZI75pLW1hmz1mUvBYyMwlcek74zVTGYgPy11o+2JEg==
  
  "@tiptap/extension-highlight@^2.0.3":
    version "2.1.10"
    resolved "https://registry.npmjs.org/@tiptap/extension-highlight/-/extension-highlight-2.1.10.tgz"
    integrity sha512-HPD9T0MPEfrD40aSjcj23OcAYDnpsRLXxwQAYK1jw6Fvk7OtJZn8iaoAb4GcFfcKs3vgkpA9DC6DXlnvN0txYA==
  
  "@tiptap/extension-history@^2.1.10":
    version "2.1.10"
    resolved "https://registry.npmjs.org/@tiptap/extension-history/-/extension-history-2.1.10.tgz"
    integrity sha512-tApuN8MIJMzc0dxvkYJPt3t5cea9NuZBGNiuVedJwMMUF6hbFpMZAt20GW2qwjBaZ76rQwbLp1s3KnImFsPe5A==
  
  "@tiptap/extension-horizontal-rule@^2.1.10":
    version "2.1.10"
    resolved "https://registry.npmjs.org/@tiptap/extension-horizontal-rule/-/extension-horizontal-rule-2.1.10.tgz"
    integrity sha512-91lGpK2d6WMPhrMDPBURS8z8pEg1CUBYy7GmBenKvvgh+JzVhG+U6MtykfWNfm2R4iRXOl1xLbyUOCiOSUXodQ==
  
  "@tiptap/extension-image@^2.0.3":
    version "2.1.10"
    resolved "https://registry.npmjs.org/@tiptap/extension-image/-/extension-image-2.1.10.tgz"
    integrity sha512-d7+d4J2TJ99+phFbVTpsFhi208jAgcrfbdwUDkkwjdF+PQhax5pounSt/8eZPWdyCXj+EWYjCjx0znwsD6+SCA==
  
  "@tiptap/extension-italic@^2.1.10":
    version "2.1.10"
    resolved "https://registry.npmjs.org/@tiptap/extension-italic/-/extension-italic-2.1.10.tgz"
    integrity sha512-ebw5m+rWx6K5UoBVXSkz3fpvDJh/wScfYmwl6pkbjc2jNbZiln2LSiLHYc2eIYJ2aTsVxcw/n0Azfk5Lb19InA==
  
  "@tiptap/extension-link@^2.0.3":
    version "2.1.10"
    resolved "https://registry.npmjs.org/@tiptap/extension-link/-/extension-link-2.1.10.tgz"
    integrity sha512-dXxPTWzJzpbDRAewM4P8jN/n9h8uUH83lOLwweuODYCqHRdjQL/uGkQworFFrgqmRHs+9JjHZ4DETILZVawJ+Q==
    dependencies:
      linkifyjs "^4.1.0"
  
  "@tiptap/extension-list-item@^2.1.10":
    version "2.1.10"
    resolved "https://registry.npmjs.org/@tiptap/extension-list-item/-/extension-list-item-2.1.10.tgz"
    integrity sha512-rRRyB14vOcSjTMAh8Y+50TRC/jO469CelGwFjOLrK1ZSEag5wmLDaqpWOOb52BFYnvCHuIm1HqZtdL5bTI/J1w==
  
  "@tiptap/extension-mention@^2.0.3":
    version "2.1.10"
    resolved "https://registry.npmjs.org/@tiptap/extension-mention/-/extension-mention-2.1.10.tgz"
    integrity sha512-OYt4etiv3N2rj+eQUZimuFHM8AK0DP90WknUFLBF++FKB7l50WOkVv7ZEK7i78JBzNkIN4vAI7K6NhY0HCvQzg==
  
  "@tiptap/extension-ordered-list@^2.1.10":
    version "2.1.10"
    resolved "https://registry.npmjs.org/@tiptap/extension-ordered-list/-/extension-ordered-list-2.1.10.tgz"
    integrity sha512-jouo3RHUMxU4dPzZcfZdUzmsLVp1KHrLIAD2YAxBuqArACrBNfJpIhtkTKuGLlaFhKqGr+EmNdNQnK8JOBhLtQ==
  
  "@tiptap/extension-paragraph@^2.1.10":
    version "2.1.10"
    resolved "https://registry.npmjs.org/@tiptap/extension-paragraph/-/extension-paragraph-2.1.10.tgz"
    integrity sha512-kzuHbrxcxpWkha5P+JFzCKT54pNqb4IBKMU5qT9YGhZSdNTtU63ncdCHM+Ad1ukLuvXAv95zh1IQC5j+Z1Qk4A==
  
  "@tiptap/extension-placeholder@^2.0.3":
    version "2.1.10"
    resolved "https://registry.npmjs.org/@tiptap/extension-placeholder/-/extension-placeholder-2.1.10.tgz"
    integrity sha512-lwtNmMZpxvQBGP72/zrdPFOmn/3QNZAKpkrfrK95Ri4TU6LPeDDwPsP81s9mkAFZPuDQ1i8SPakl+RivWa6qtA==
  
  "@tiptap/extension-strike@^2.1.10":
    version "2.1.10"
    resolved "https://registry.npmjs.org/@tiptap/extension-strike/-/extension-strike-2.1.10.tgz"
    integrity sha512-KW63lZLPFIir5AIeh2I7UK6Tx1O3jetD7JIPUzEqp1I1BfJlHGHVQxV8VXAmJl0hTOzjQBsHW42PmBxSC97NUg==
  
  "@tiptap/extension-table-cell@^2.0.3":
    version "2.1.10"
    resolved "https://registry.npmjs.org/@tiptap/extension-table-cell/-/extension-table-cell-2.1.10.tgz"
    integrity sha512-NQOTKjPOTJrkI7VaR9wFF3UKB9N2THD8zJZJDcECKQxLR740udF6/6jWm1uwkTwdkBekVKHBMQvKKK9W1bOBiw==
  
  "@tiptap/extension-table-header@^2.0.3":
    version "2.1.10"
    resolved "https://registry.npmjs.org/@tiptap/extension-table-header/-/extension-table-header-2.1.10.tgz"
    integrity sha512-NSC0Y10kXDvPGiJckJY/QU8VA7HHU0tI20Dj7/r1oD9itBWSnWP0zAOXzHVlQt9GpThhFNo2nu3fAaVQNfKoTg==
  
  "@tiptap/extension-table-row@^2.0.3":
    version "2.1.10"
    resolved "https://registry.npmjs.org/@tiptap/extension-table-row/-/extension-table-row-2.1.10.tgz"
    integrity sha512-yMOnAaXE7vK7MwULuVUO8v6AYZu6wxTfHAWQe/FqPeMf9tG0HL6+gyt1audremw0xBFMGPx6v4t8vlqPXW9p2g==
  
  "@tiptap/extension-table@^2.0.3":
    version "2.1.10"
    resolved "https://registry.npmjs.org/@tiptap/extension-table/-/extension-table-2.1.10.tgz"
    integrity sha512-fsf0c6qA+R6NzbFx+tm1l5POZsgadHjREsedvq5q1i8rCq1Gt1AK+lR7WQsaXlSeIRsWtg4RT0eUjAYNCmKkug==
  
  "@tiptap/extension-text-align@^2.0.3":
    version "2.1.10"
    resolved "https://registry.npmjs.org/@tiptap/extension-text-align/-/extension-text-align-2.1.10.tgz"
    integrity sha512-dp+9ru5mJnJ7XHXP7Qs7W14RP610LDca4mHRJtaMbUZTCHhDgqVDOb9oPYaSH76Adl/5s/ey6oKgyAaNqF5H3w==
  
  "@tiptap/extension-text-style@^2.0.0", "@tiptap/extension-text-style@^2.0.3":
    version "2.1.10"
    resolved "https://registry.npmjs.org/@tiptap/extension-text-style/-/extension-text-style-2.1.10.tgz"
    integrity sha512-ptgCZQfpy/8aQHHzktVMMAy30uMvC0XkPbJPmD0nYJqt/m+3QFHHWiGyaKXmYhqyg/TjPvTTMHjcvTvk5k4Sug==
  
  "@tiptap/extension-text@^2.1.10":
    version "2.1.10"
    resolved "https://registry.npmjs.org/@tiptap/extension-text/-/extension-text-2.1.10.tgz"
    integrity sha512-ubU/WQwNB0MVKyMAHr8ka3Nu3jCR03HARGKUwNRzppZYtRXWyXHNlAaJdplNb1NMGb8hd0ElBJmwFlVqmh8haQ==
  
  "@tiptap/extension-typography@^2.0.3":
    version "2.1.10"
    resolved "https://registry.npmjs.org/@tiptap/extension-typography/-/extension-typography-2.1.10.tgz"
    integrity sha512-UHAa6xRBxzTP4rLYBrHz5qYHySIO5ASf4CzZVmJ+QNEarsKQKYz3M0dTgqF1KK4FexB0x1UKWLM8lq1TfzmQgg==
  
  "@tiptap/pm@^2.0.0", "@tiptap/pm@^2.0.3":
    version "2.1.10"
    resolved "https://registry.npmjs.org/@tiptap/pm/-/pm-2.1.10.tgz"
    integrity sha512-Y+AqizKnjQpx4pSaA6m/cCD5QHQRPtALhO4ZO4YFZV1idYmsJA3/S5lgJI3ZL5eAHKHcGk6Vv3/8Y+eej5YIPw==
    dependencies:
      prosemirror-changeset "^2.2.0"
      prosemirror-collab "^1.3.0"
      prosemirror-commands "^1.3.1"
      prosemirror-dropcursor "^1.5.0"
      prosemirror-gapcursor "^1.3.1"
      prosemirror-history "^1.3.0"
      prosemirror-inputrules "^1.2.0"
      prosemirror-keymap "^1.2.0"
      prosemirror-markdown "^1.10.1"
      prosemirror-menu "^1.2.1"
      prosemirror-model "^1.18.1"
      prosemirror-schema-basic "^1.2.0"
      prosemirror-schema-list "^1.2.2"
      prosemirror-state "^1.4.1"
      prosemirror-tables "^1.3.0"
      prosemirror-trailing-node "^2.0.2"
      prosemirror-transform "^1.7.0"
      prosemirror-view "^1.28.2"
  
  "@tiptap/starter-kit@^2.0.3":
    version "2.1.10"
    resolved "https://registry.npmjs.org/@tiptap/starter-kit/-/starter-kit-2.1.10.tgz"
    integrity sha512-h5mH1qv7SDFXWZPbOWC8zpGZ62EnDizRNtM45Gani0HYWJXcbPFpgN1qJmESP/jP+v+0hxtnVEkgfpiy3LRm6A==
    dependencies:
      "@tiptap/core" "^2.1.10"
      "@tiptap/extension-blockquote" "^2.1.10"
      "@tiptap/extension-bold" "^2.1.10"
      "@tiptap/extension-bullet-list" "^2.1.10"
      "@tiptap/extension-code" "^2.1.10"
      "@tiptap/extension-code-block" "^2.1.10"
      "@tiptap/extension-document" "^2.1.10"
      "@tiptap/extension-dropcursor" "^2.1.10"
      "@tiptap/extension-gapcursor" "^2.1.10"
      "@tiptap/extension-hard-break" "^2.1.10"
      "@tiptap/extension-heading" "^2.1.10"
      "@tiptap/extension-history" "^2.1.10"
      "@tiptap/extension-horizontal-rule" "^2.1.10"
      "@tiptap/extension-italic" "^2.1.10"
      "@tiptap/extension-list-item" "^2.1.10"
      "@tiptap/extension-ordered-list" "^2.1.10"
      "@tiptap/extension-paragraph" "^2.1.10"
      "@tiptap/extension-strike" "^2.1.10"
      "@tiptap/extension-text" "^2.1.10"
  
  "@tiptap/suggestion@^2.0.0", "@tiptap/suggestion@^2.0.3":
    version "2.1.10"
    resolved "https://registry.npmjs.org/@tiptap/suggestion/-/suggestion-2.1.10.tgz"
    integrity sha512-k9WTTWT81UkHaxZksjp+wE31E85QL0jyLd0ZEKAs+btW148Pon1KwBeLnODNHILcdQaRPxRvb28a47cRHEKTiw==
  
  "@tiptap/vue-3@^2.0.3":
    version "2.1.10"
    resolved "https://registry.npmjs.org/@tiptap/vue-3/-/vue-3-2.1.10.tgz"
    integrity sha512-GE2fDERHXfbFSGvw9Ov/Wf9RbmYRRSii4oC05Xf2Jw9F2x8NjJWJvZVFEzAGoJSc5UskzXfwtNOmlt4AcBYuew==
    dependencies:
      "@tiptap/extension-bubble-menu" "^2.1.10"
      "@tiptap/extension-floating-menu" "^2.1.10"
  
  "@types/object.omit@^3.0.0":
    version "3.0.0"
    resolved "https://registry.npmjs.org/@types/object.omit/-/object.omit-3.0.0.tgz"
    integrity sha512-I27IoPpH250TUzc9FzXd0P1BV/BMJuzqD3jOz98ehf9dQqGkxlq+hO1bIqZGWqCg5bVOy0g4AUVJtnxe0klDmw==
  
  "@types/object.pick@^1.3.1":
    version "1.3.2"
    resolved "https://registry.npmjs.org/@types/object.pick/-/object.pick-1.3.2.tgz"
    integrity sha512-sn7L+qQ6RLPdXRoiaE7bZ/Ek+o4uICma/lBFPyJEKDTPTBP1W8u0c4baj3EiS4DiqLs+Hk+KUGvMVJtAw3ePJg==
  
  "@types/parse-json@^4.0.0":
    version "4.0.0"
    resolved "https://registry.npmjs.org/@types/parse-json/-/parse-json-4.0.0.tgz"
    integrity sha512-//oorEZjL6sbPcKUaCdIGlIUeH26mgzimjBB77G6XRgnDl/L5wOnpyBGRe/Mmf5CVW3PwEBE1NjiMZ/ssFh4wA==
  
  "@types/throttle-debounce@^2.1.0":
    version "2.1.0"
    resolved "https://registry.npmjs.org/@types/throttle-debounce/-/throttle-debounce-2.1.0.tgz"
    integrity sha512-5eQEtSCoESnh2FsiLTxE121IiE60hnMqcb435fShf4bpLRjEu1Eoekht23y6zXS9Ts3l+Szu3TARnTsA0GkOkQ==
  
  "@vitejs/plugin-vue@^2.0.0":
    version "2.0.1"
    resolved "https://registry.npmjs.org/@vitejs/plugin-vue/-/plugin-vue-2.0.1.tgz"
    integrity sha512-wtdMnGVvys9K8tg+DxowU1ytTrdVveXr3LzdhaKakysgGXyrsfaeds2cDywtvujEASjWOwWL/OgWM+qoeM8Plg==
  
  "@vue/compiler-core@3.4.19":
    version "3.4.19"
    resolved "https://registry.npmjs.org/@vue/compiler-core/-/compiler-core-3.4.19.tgz"
    integrity sha512-gj81785z0JNzRcU0Mq98E56e4ltO1yf8k5PQ+tV/7YHnbZkrM0fyFyuttnN8ngJZjbpofWE/m4qjKBiLl8Ju4w==
    dependencies:
      "@babel/parser" "^7.23.9"
      "@vue/shared" "3.4.19"
      entities "^4.5.0"
      estree-walker "^2.0.2"
      source-map-js "^1.0.2"
  
  "@vue/compiler-dom@3.4.19":
    version "3.4.19"
    resolved "https://registry.npmjs.org/@vue/compiler-dom/-/compiler-dom-3.4.19.tgz"
    integrity sha512-vm6+cogWrshjqEHTzIDCp72DKtea8Ry/QVpQRYoyTIg9k7QZDX6D8+HGURjtmatfgM8xgCFtJJaOlCaRYRK3QA==
    dependencies:
      "@vue/compiler-core" "3.4.19"
      "@vue/shared" "3.4.19"
  
  "@vue/compiler-sfc@3.4.19":
    version "3.4.19"
    resolved "https://registry.npmjs.org/@vue/compiler-sfc/-/compiler-sfc-3.4.19.tgz"
    integrity sha512-LQ3U4SN0DlvV0xhr1lUsgLCYlwQfUfetyPxkKYu7dkfvx7g3ojrGAkw0AERLOKYXuAGnqFsEuytkdcComei3Yg==
    dependencies:
      "@babel/parser" "^7.23.9"
      "@vue/compiler-core" "3.4.19"
      "@vue/compiler-dom" "3.4.19"
      "@vue/compiler-ssr" "3.4.19"
      "@vue/shared" "3.4.19"
      estree-walker "^2.0.2"
      magic-string "^0.30.6"
      postcss "^8.4.33"
      source-map-js "^1.0.2"
  
  "@vue/compiler-ssr@3.4.19":
    version "3.4.19"
    resolved "https://registry.npmjs.org/@vue/compiler-ssr/-/compiler-ssr-3.4.19.tgz"
    integrity sha512-P0PLKC4+u4OMJ8sinba/5Z/iDT84uMRRlrWzadgLA69opCpI1gG4N55qDSC+dedwq2fJtzmGald05LWR5TFfLw==
    dependencies:
      "@vue/compiler-dom" "3.4.19"
      "@vue/shared" "3.4.19"
  
  "@vue/devtools-api@^6.5.1":
    version "6.6.1"
    resolved "https://registry.npmjs.org/@vue/devtools-api/-/devtools-api-6.6.1.tgz"
    integrity sha512-LgPscpE3Vs0x96PzSSB4IGVSZXZBZHpfxs+ZA1d+VEPwHdOXowy/Y2CsvCAIFrf+ssVU1pD1jidj505EpUnfbA==
  
  "@vue/reactivity@3.4.19":
    version "3.4.19"
    resolved "https://registry.npmjs.org/@vue/reactivity/-/reactivity-3.4.19.tgz"
    integrity sha512-+VcwrQvLZgEclGZRHx4O2XhyEEcKaBi50WbxdVItEezUf4fqRh838Ix6amWTdX0CNb/b6t3Gkz3eOebfcSt+UA==
    dependencies:
      "@vue/shared" "3.4.19"
  
  "@vue/runtime-core@3.4.19":
    version "3.4.19"
    resolved "https://registry.npmjs.org/@vue/runtime-core/-/runtime-core-3.4.19.tgz"
    integrity sha512-/Z3tFwOrerJB/oyutmJGoYbuoadphDcJAd5jOuJE86THNZji9pYjZroQ2NFsZkTxOq0GJbb+s2kxTYToDiyZzw==
    dependencies:
      "@vue/reactivity" "3.4.19"
      "@vue/shared" "3.4.19"
  
  "@vue/runtime-dom@3.4.19":
    version "3.4.19"
    resolved "https://registry.npmjs.org/@vue/runtime-dom/-/runtime-dom-3.4.19.tgz"
    integrity sha512-IyZzIDqfNCF0OyZOauL+F4yzjMPN2rPd8nhqPP2N1lBn3kYqJpPHHru+83Rkvo2lHz5mW+rEeIMEF9qY3PB94g==
    dependencies:
      "@vue/runtime-core" "3.4.19"
      "@vue/shared" "3.4.19"
      csstype "^3.1.3"
  
  "@vue/server-renderer@3.4.19":
    version "3.4.19"
    resolved "https://registry.npmjs.org/@vue/server-renderer/-/server-renderer-3.4.19.tgz"
    integrity sha512-eAj2p0c429RZyyhtMRnttjcSToch+kTWxFPHlzGMkR28ZbF1PDlTcmGmlDxccBuqNd9iOQ7xPRPAGgPVj+YpQw==
    dependencies:
      "@vue/compiler-ssr" "3.4.19"
      "@vue/shared" "3.4.19"
  
  "@vue/shared@3.4.19":
    version "3.4.19"
    resolved "https://registry.npmjs.org/@vue/shared/-/shared-3.4.19.tgz"
    integrity sha512-/KliRRHMF6LoiThEy+4c1Z4KB/gbPrGjWwJR+crg2otgrf/egKzRaCPvJ51S5oetgsgXLfc4Rm5ZgrKHZrtMSw==
  
  acorn-node@^1.6.1:
    version "1.8.2"
    resolved "https://registry.npmjs.org/acorn-node/-/acorn-node-1.8.2.tgz"
    integrity sha512-8mt+fslDufLYntIoPAaIMUe/lrbrehIiwmR3t2k9LljIzoigEPF27eLk2hy8zSGzmR/ogr7zbRKINMo1u0yh5A==
    dependencies:
      acorn "^7.0.0"
      acorn-walk "^7.0.0"
      xtend "^4.0.2"
  
  acorn-walk@^7.0.0:
    version "7.2.0"
    resolved "https://registry.npmjs.org/acorn-walk/-/acorn-walk-7.2.0.tgz"
    integrity sha512-OPdCF6GsMIP+Az+aWfAAOEt2/+iVDKE7oy6lJ098aoe59oAmK76qV6Gw60SbZ8jHuG2wH058GF4pLFbYamYrVA==
  
  acorn@^7.0.0:
    version "7.4.1"
    resolved "https://registry.npmjs.org/acorn/-/acorn-7.4.1.tgz"
    integrity sha512-nQyp0o1/mNdbTO1PO6kHkwSrmgZ0MT/jCCpNiwbUjGoRN4dlBhqJtoQuCnEOKzgTVwg0ZWiCoQy6SxMebQVh8A==
  
  ansi-styles@^3.2.1:
    version "3.2.1"
    resolved "https://registry.npmjs.org/ansi-styles/-/ansi-styles-3.2.1.tgz"
    integrity sha512-VT0ZI6kZRdTh8YyJw3SMbYm/u+NqfsAxEpWO0Pf9sq8/e94WxxOpPKx9FR1FlyCtOVDNOQ+8ntlqFxiRc+r5qA==
    dependencies:
      color-convert "^1.9.0"
  
  ansi-styles@^4.1.0:
    version "4.3.0"
    resolved "https://registry.npmjs.org/ansi-styles/-/ansi-styles-4.3.0.tgz"
    integrity sha512-zbB9rCJAT1rbjiVDb2hqKFHNYLxgtk8NURxZ3IZwD3F6NtxbXZQCnnSi1Lkx+IDohdPlFp222wVALIheZJQSEg==
    dependencies:
      color-convert "^2.0.1"
  
  anymatch@~3.1.2:
    version "3.1.2"
    resolved "https://registry.npmjs.org/anymatch/-/anymatch-3.1.2.tgz"
    integrity sha512-P43ePfOAIupkguHUycrc4qJ9kz8ZiuOUijaETwX7THt0Y/GNK7v0aa8rY816xWjZ7rJdA5XdMcpVFTKMq+RvWg==
    dependencies:
      normalize-path "^3.0.0"
      picomatch "^2.0.4"
  
  arg@^5.0.1:
    version "5.0.1"
    resolved "https://registry.npmjs.org/arg/-/arg-5.0.1.tgz"
    integrity sha512-e0hDa9H2Z9AwFkk2qDlwhoMYE4eToKarchkQHovNdLTCYMHZHeRjI71crOh+dio4K6u1IcwubQqo79Ga4CyAQA==
  
  argparse@^2.0.1:
    version "2.0.1"
    resolved "https://registry.npmjs.org/argparse/-/argparse-2.0.1.tgz"
    integrity sha512-8+9WqebbFzpX9OR+Wa6O29asIogeRMzcGtAINdpMHHyAg10f05aSFVBbcEqGf/PXw1EjAZ+q2/bEBg3DvurK3Q==
  
  autoprefixer@^10.0.2, autoprefixer@^10.4.2:
    version "10.4.2"
    resolved "https://registry.npmjs.org/autoprefixer/-/autoprefixer-10.4.2.tgz"
    integrity sha512-9fOPpHKuDW1w/0EKfRmVnxTDt8166MAnLI3mgZ1JCnhNtYWxcJ6Ud5CO/AVOZi/AvFa8DY9RTy3h3+tFBlrrdQ==
    dependencies:
      browserslist "^4.19.1"
      caniuse-lite "^1.0.30001297"
      fraction.js "^4.1.2"
      normalize-range "^0.1.2"
      picocolors "^1.0.0"
      postcss-value-parser "^4.2.0"
  
  binary-extensions@^2.0.0:
    version "2.2.0"
    resolved "https://registry.npmjs.org/binary-extensions/-/binary-extensions-2.2.0.tgz"
    integrity sha512-jDctJ/IVQbZoJykoeHbhXpOlNBqGNcwXJKJog42E5HDPUwQTSdjCHdihjj0DlnheQ7blbT6dHOafNAiS8ooQKA==
  
  boolbase@~1.0.0:
    version "1.0.0"
    resolved "https://registry.npmjs.org/boolbase/-/boolbase-1.0.0.tgz"
    integrity sha512-JZOSA7Mo9sNGB8+UjSgzdLtokWAky1zbztM3WRLCbZ70/3cTANmQmOdR7y2g+J0e2WXywy1yS468tY+IruqEww==
  
  braces@^3.0.1, braces@~3.0.2:
    version "3.0.2"
    resolved "https://registry.npmjs.org/braces/-/braces-3.0.2.tgz"
    integrity sha512-b8um+L1RzM3WDSzvhm6gIz1yfTbBt6YTlcEKAvsmqCZZFw46z626lVj9j1yEPW33H5H+lBQpZMP1k8l+78Ha0A==
    dependencies:
      fill-range "^7.0.1"
  
  browserslist@^4.19.1:
    version "4.19.1"
    resolved "https://registry.npmjs.org/browserslist/-/browserslist-4.19.1.tgz"
    integrity sha512-u2tbbG5PdKRTUoctO3NBD8FQ5HdPh1ZXPHzp1rwaa5jTc+RV9/+RlWiAIKmjRPQF+xbGM9Kklj5bZQFa2s/38A==
    dependencies:
      caniuse-lite "^1.0.30001286"
      electron-to-chromium "^1.4.17"
      escalade "^3.1.1"
      node-releases "^2.0.1"
      picocolors "^1.0.0"
  
  call-bind@^1.0.2, call-bind@^1.0.6, call-bind@^1.0.7:
    version "1.0.7"
    resolved "https://registry.npmjs.org/call-bind/-/call-bind-1.0.7.tgz"
    integrity sha512-GHTSNSYICQ7scH7sZ+M2rFopRoLh8t2bLSW6BbgrtLsahOIB5iyAVJf9GjWK3cYTDaMj4XdBpM1cA6pIS0Kv2w==
    dependencies:
      es-define-property "^1.0.0"
      es-errors "^1.3.0"
      function-bind "^1.1.2"
      get-intrinsic "^1.2.4"
      set-function-length "^1.2.1"
  
  callsites@^3.0.0:
    version "3.1.0"
    resolved "https://registry.npmjs.org/callsites/-/callsites-3.1.0.tgz"
    integrity sha512-P8BjAsXvZS+VIDUI11hHCQEv74YT67YUi5JJFNWIqL235sBmjX4+qx9Muvls5ivyNENctx46xQLQ3aTuE7ssaQ==
  
  camelcase-css@^2.0.1:
    version "2.0.1"
    resolved "https://registry.npmjs.org/camelcase-css/-/camelcase-css-2.0.1.tgz"
    integrity sha512-QOSvevhslijgYwRx6Rv7zKdMF8lbRmx+uQGx2+vDc+KI/eBnsy9kit5aj23AgGu3pa4t9AgwbnXWqS+iOY+2aA==
  
  caniuse-lite@^1.0.30001286, caniuse-lite@^1.0.30001297:
    version "1.0.30001300"
    resolved "https://registry.npmjs.org/caniuse-lite/-/caniuse-lite-1.0.30001300.tgz"
    integrity sha512-cVjiJHWGcNlJi8TZVKNMnvMid3Z3TTdDHmLDzlOdIiZq138Exvo0G+G0wTdVYolxKb4AYwC+38pxodiInVtJSA==
  
  case-anything@^2.1.10:
    version "2.1.10"
    resolved "https://registry.npmjs.org/case-anything/-/case-anything-2.1.10.tgz"
    integrity sha512-JczJwVrCP0jPKh05McyVsuOg6AYosrB9XWZKbQzXeDAm2ClE/PJE/BcrrQrVyGYH7Jg8V/LDupmyL4kFlVsVFQ==
  
  chalk@^2.0.0:
    version "2.4.2"
    resolved "https://registry.npmjs.org/chalk/-/chalk-2.4.2.tgz"
    integrity sha512-Mti+f9lpJNcwF4tWV8/OrTTtF1gZi+f8FqlyAdouralcFWFQWF2+NgCHShjkCb+IFBLq9buZwE1xckQU4peSuQ==
    dependencies:
      ansi-styles "^3.2.1"
      escape-string-regexp "^1.0.5"
      supports-color "^5.3.0"
  
  chalk@^4.1.2:
    version "4.1.2"
    resolved "https://registry.npmjs.org/chalk/-/chalk-4.1.2.tgz"
    integrity sha512-oKnbhFyRIXpUuez8iBMmyEa4nbj4IOQyuhc/wy9kY7/WVPcwIO9VA668Pu8RkO7+0G76SLROeyw9CpQ061i4mA==
    dependencies:
      ansi-styles "^4.1.0"
      supports-color "^7.1.0"
  
  cheerio@^0.19.0:
    version "0.19.0"
    resolved "https://registry.npmjs.org/cheerio/-/cheerio-0.19.0.tgz"
    integrity sha512-Fwcm3zkR37STnPC8FepSHeSYJM5Rd596TZOcfDUdojR4Q735aK1Xn+M+ISagNneuCwMjK28w4kX+ETILGNT/UQ==
    dependencies:
      css-select "~1.0.0"
      dom-serializer "~0.1.0"
      entities "~1.1.1"
      htmlparser2 "~3.8.1"
      lodash "^3.2.0"
  
  chokidar@^3.5.2:
    version "3.5.3"
    resolved "https://registry.npmjs.org/chokidar/-/chokidar-3.5.3.tgz"
    integrity sha512-Dr3sfKRP6oTcjf2JmUmFJfeVMvXBdegxB0iVQ5eb2V10uFJUCAS8OByZdVAyVb8xXNz3GjjTgj9kLWsZTqE6kw==
    dependencies:
      anymatch "~3.1.2"
      braces "~3.0.2"
      glob-parent "~5.1.2"
      is-binary-path "~2.1.0"
      is-glob "~4.0.1"
      normalize-path "~3.0.0"
      readdirp "~3.6.0"
    optionalDependencies:
      fsevents "~2.3.2"
  
  classnames@^2.2.5:
    version "2.3.1"
    resolved "https://registry.npmjs.org/classnames/-/classnames-2.3.1.tgz"
    integrity sha512-OlQdbZ7gLfGarSqxesMesDa5uz7KFbID8Kpq/SxIoNGDqY8lSYs0D+hhtBXhcdB3rcbXArFr7vlHheLk1voeNA==
  
  clone@^2.1.1:
    version "2.1.2"
    resolved "https://registry.npmjs.org/clone/-/clone-2.1.2.tgz"
    integrity sha512-3Pe/CF1Nn94hyhIYpjtiLhdCoEoz0DqQ+988E9gmeEdQZlojxnOb74wctFyuwWQHzqyf9X7C7MG8juUpqBJT8w==
  
  color-convert@^1.9.0:
    version "1.9.3"
    resolved "https://registry.npmjs.org/color-convert/-/color-convert-1.9.3.tgz"
    integrity sha512-QfAUtd+vFdAtFQcC8CCyYt1fYWxSqAiK2cSD6zDB8N3cpsEBAvRxp9zOGg6G/SHHJYAT88/az/IuDGALsNVbGg==
    dependencies:
      color-name "1.1.3"
  
  color-convert@^2.0.1:
    version "2.0.1"
    resolved "https://registry.npmjs.org/color-convert/-/color-convert-2.0.1.tgz"
    integrity sha512-RRECPsj7iu/xb5oKYcsFHSppFNnsj/52OVTRKb4zP5onXwVF3zVmmToNcOfGC+CRDpfK/U584fMg38ZHCaElKQ==
    dependencies:
      color-name "~1.1.4"
  
  color-name@^1.1.4, color-name@~1.1.4:
    version "1.1.4"
    resolved "https://registry.npmjs.org/color-name/-/color-name-1.1.4.tgz"
    integrity sha512-dOy+3AuW3a2wNbZHIuMZpTcgjGuLU/uBL/ubcZF9OXbDo8ff4O8yVp5Bf0efS8uEoYo5q4Fx7dY9OgQGXgAsQA==
  
  color-name@1.1.3:
    version "1.1.3"
    resolved "https://registry.npmjs.org/color-name/-/color-name-1.1.3.tgz"
    integrity sha1-p9BVi9icQveV3UIyj3QIMcpTvCU=
  
  commander@^9.0.0:
    version "9.5.0"
    resolved "https://registry.npmjs.org/commander/-/commander-9.5.0.tgz"
    integrity sha512-KRs7WVDKg86PWiuAqhDrAQnTXZKraVcCc6vFdL14qrZ/DcWwuRo7VoiYXalXO7S5GKpqYiVEwCbgFDfxNHKJBQ==
  
  core-js@^3.1.3:
    version "3.20.3"
    resolved "https://registry.npmjs.org/core-js/-/core-js-3.20.3.tgz"
    integrity sha512-vVl8j8ph6tRS3B8qir40H7yw7voy17xL0piAjlbBUsH7WIfzoedL/ZOr1OV9FyZQLWXsayOJyV4tnRyXR85/ag==
  
  core-util-is@~1.0.0:
    version "1.0.3"
    resolved "https://registry.npmjs.org/core-util-is/-/core-util-is-1.0.3.tgz"
    integrity sha512-ZQBvi1DcpJ4GDqanjucZ2Hj3wEO5pZDS89BWbkcrvdxksJorwUDDZamX9ldFkp9aw2lmBDLgkObEA4DWNJ9FYQ==
  
  cosmiconfig@^7.0.1:
    version "7.0.1"
    resolved "https://registry.npmjs.org/cosmiconfig/-/cosmiconfig-7.0.1.tgz"
    integrity sha512-a1YWNUV2HwGimB7dU2s1wUMurNKjpx60HxBB6xUM8Re+2s1g1IIfJvFR0/iCF+XHdE0GMTKTuLR32UQff4TEyQ==
    dependencies:
      "@types/parse-json" "^4.0.0"
      import-fresh "^3.2.1"
      parse-json "^5.0.0"
      path-type "^4.0.0"
      yaml "^1.10.0"
  
  crelt@^1.0.0:
    version "1.0.5"
    resolved "https://registry.npmjs.org/crelt/-/crelt-1.0.5.tgz"
    integrity sha512-+BO9wPPi+DWTDcNYhr/W90myha8ptzftZT+LwcmUbbok0rcP/fequmFYCw8NMoH7pkAZQzU78b3kYrlua5a9eA==
  
  css-select@~1.0.0:
    version "1.0.0"
    resolved "https://registry.npmjs.org/css-select/-/css-select-1.0.0.tgz"
    integrity sha512-/xPlD7betkfd7ChGkLGGWx5HWyiHDOSn7aACLzdH0nwucPvB0EAm8hMBm7Xn7vGfAeRRN7KZ8wumGm8NoNcMRw==
    dependencies:
      boolbase "~1.0.0"
      css-what "1.0"
      domutils "1.4"
      nth-check "~1.0.0"
  
  css-what@1.0:
    version "1.0.0"
    resolved "https://registry.npmjs.org/css-what/-/css-what-1.0.0.tgz"
    integrity sha512-60SUMPBreXrLXgvpM8kYpO0AOyMRhdRlXFX5BMQbZq1SIJCyNE56nqFQhmvREQdUJpedbGRYZ5wOyq3/F6q5Zw==
  
  cssesc@^3.0.0:
    version "3.0.0"
    resolved "https://registry.npmjs.org/cssesc/-/cssesc-3.0.0.tgz"
    integrity sha512-/Tb/JcjK111nNScGob5MNtsntNM1aCNUDipB/TkwZFhyDrrE47SOx/18wF2bbjgc3ZzCSKW1T5nt5EbFoAz/Vg==
  
  csstype@^3.1.3:
    version "3.1.3"
    resolved "https://registry.npmjs.org/csstype/-/csstype-3.1.3.tgz"
    integrity sha512-M1uQkMl8rQK/szD0LNhtqxIPLpimGm8sOBwU7lLnCpSbTyY3yeU1Vc7l4KT5zT4s/yOxHH5O7tIuuLOCnLADRw==
  
  dash-get@^1.0.2:
    version "1.0.2"
    resolved "https://registry.npmjs.org/dash-get/-/dash-get-1.0.2.tgz"
    integrity sha512-4FbVrHDwfOASx7uQVxeiCTo7ggSdYZbqs8lH+WU6ViypPlDbe9y6IP5VVUDQBv9DcnyaiPT5XT0UWHgJ64zLeQ==
  
  debug@~4.3.1, debug@~4.3.2:
    version "4.3.4"
    resolved "https://registry.npmjs.org/debug/-/debug-4.3.4.tgz"
    integrity sha512-PRWFHuSU3eDtQJPvnNY7Jcket1j0t5OuOsFzPPzsekD52Zl8qUfFIPEiswXqIvHWGVHOgX+7G/vCNNhehwxfkQ==
    dependencies:
      ms "2.1.2"
  
  deep-equal@^1.0.1:
    version "1.1.2"
    resolved "https://registry.npmjs.org/deep-equal/-/deep-equal-1.1.2.tgz"
    integrity sha512-5tdhKF6DbU7iIzrIOa1AOUt39ZRm13cmL1cGEh//aqR8x9+tNfbywRf0n5FD/18OKMdo7DNEtrX2t22ZAkI+eg==
    dependencies:
      is-arguments "^1.1.1"
      is-date-object "^1.0.5"
      is-regex "^1.1.4"
      object-is "^1.1.5"
      object-keys "^1.1.1"
      regexp.prototype.flags "^1.5.1"
  
  deepmerge@^4.2.2:
    version "4.3.1"
    resolved "https://registry.npmjs.org/deepmerge/-/deepmerge-4.3.1.tgz"
    integrity sha512-3sUqbMEc77XqpdNO7FRyRog+eW3ph+GYCbj+rK+uYyRMuwsVy0rMiVtPn+QJlKFvWP/1PYpapqYn0Me2knFn+A==
  
  define-data-property@^1.0.1, define-data-property@^1.1.4:
    version "1.1.4"
    resolved "https://registry.npmjs.org/define-data-property/-/define-data-property-1.1.4.tgz"
    integrity sha512-rBMvIzlpA8v6E+SJZoo++HAYqsLrkg7MSfIinMPFhmkorw7X+dOXVJQs+QT69zGkzMyfDnIMN2Wid1+NbL3T+A==
    dependencies:
      es-define-property "^1.0.0"
      es-errors "^1.3.0"
      gopd "^1.0.1"
  
  define-properties@^1.2.1:
    version "1.2.1"
    resolved "https://registry.npmjs.org/define-properties/-/define-properties-1.2.1.tgz"
    integrity sha512-8QmQKqEASLd5nx0U1B1okLElbUuuttJ/AnYmRXbbbGDWh6uS208EjD4Xqq/I9wK7u0v6O08XhTWnt5XtEbR6Dg==
    dependencies:
      define-data-property "^1.0.1"
      has-property-descriptors "^1.0.0"
      object-keys "^1.1.1"
  
  defined@^1.0.0:
    version "1.0.0"
    resolved "https://registry.npmjs.org/defined/-/defined-1.0.0.tgz"
    integrity sha1-yY2bzvdWdBiOEQlpFRGZ45sfppM=
  
  detective@^5.2.0:
    version "5.2.0"
    resolved "https://registry.npmjs.org/detective/-/detective-5.2.0.tgz"
    integrity sha512-6SsIx+nUUbuK0EthKjv0zrdnajCCXVYGmbYYiYjFVpzcjwEs/JMDZ8tPRG29J/HhN56t3GJp2cGSWDRjjot8Pg==
    dependencies:
      acorn-node "^1.6.1"
      defined "^1.0.0"
      minimist "^1.1.1"
  
  didyoumean@^1.2.2:
    version "1.2.2"
    resolved "https://registry.npmjs.org/didyoumean/-/didyoumean-1.2.2.tgz"
    integrity sha512-gxtyfqMg7GKyhQmb056K7M3xszy/myH8w+B4RT+QXBQsvAOdc3XymqDDPHx1BgPgsdAA5SIifona89YtRATDzw==
  
  dlv@^1.1.3:
    version "1.1.3"
    resolved "https://registry.npmjs.org/dlv/-/dlv-1.1.3.tgz"
    integrity sha512-+HlytyjlPKnIG8XuRG8WvmBP8xs8P71y+SKKS6ZXWoEgLuePxtDoUEiH7WkdePWrQ5JBpE6aoVqfZfJUQkjXwA==
  
  dom-serializer@~0.1.0, dom-serializer@0:
    version "0.1.1"
    resolved "https://registry.npmjs.org/dom-serializer/-/dom-serializer-0.1.1.tgz"
    integrity sha512-l0IU0pPzLWSHBcieZbpOKgkIn3ts3vAh7ZuFyXNwJxJXk/c4Gwj9xaTJwIDVQCXawWD0qb3IzMGH5rglQaO0XA==
    dependencies:
      domelementtype "^1.3.0"
      entities "^1.1.1"
  
  domelementtype@^1.3.0, domelementtype@1:
    version "1.3.1"
    resolved "https://registry.npmjs.org/domelementtype/-/domelementtype-1.3.1.tgz"
    integrity sha512-BSKB+TSpMpFI/HOxCNr1O8aMOTZ8hT3pM3GQ0w/mWRmkhEDSFJkkyzz4XQsBV44BChwGkrDfMyjVD0eA2aFV3w==
  
  domhandler@2.3:
    version "2.3.0"
    resolved "https://registry.npmjs.org/domhandler/-/domhandler-2.3.0.tgz"
    integrity sha512-q9bUwjfp7Eif8jWxxxPSykdRZAb6GkguBGSgvvCrhI9wB71W2K/Kvv4E61CF/mcCfnVJDeDWx/Vb/uAqbDj6UQ==
    dependencies:
      domelementtype "1"
  
  domutils@1.4:
    version "1.4.3"
    resolved "https://registry.npmjs.org/domutils/-/domutils-1.4.3.tgz"
    integrity sha512-ZkVgS/PpxjyJMb+S2iVHHEZjVnOUtjGp0/zstqKGTE9lrZtNHlNQmLwP/lhLMEApYbzc08BKMx9IFpKhaSbW1w==
    dependencies:
      domelementtype "1"
  
  domutils@1.5:
    version "1.5.1"
    resolved "https://registry.npmjs.org/domutils/-/domutils-1.5.1.tgz"
    integrity sha512-gSu5Oi/I+3wDENBsOWBiRK1eoGxcywYSqg3rR960/+EfY0CF4EX1VPkgHOZ3WiS/Jg2DtliF6BhWcHlfpYUcGw==
    dependencies:
      dom-serializer "0"
      domelementtype "1"
  
  electron-to-chromium@^1.4.17:
    version "1.4.47"
    resolved "https://registry.npmjs.org/electron-to-chromium/-/electron-to-chromium-1.4.47.tgz"
    integrity sha512-ZHc8i3/cgeCRK/vC7W2htAG6JqUmOUgDNn/f9yY9J8UjfLjwzwOVEt4MWmgJAdvmxyrsR5KIFA/6+kUHGY0eUA==
  
  engine.io-client@~6.4.0:
    version "6.4.0"
    resolved "https://registry.npmjs.org/engine.io-client/-/engine.io-client-6.4.0.tgz"
    integrity sha512-GyKPDyoEha+XZ7iEqam49vz6auPnNJ9ZBfy89f+rMMas8AuiMWOZ9PVzu8xb9ZC6rafUqiGHSCfu22ih66E+1g==
    dependencies:
      "@socket.io/component-emitter" "~3.1.0"
      debug "~4.3.1"
      engine.io-parser "~5.0.3"
      ws "~8.11.0"
      xmlhttprequest-ssl "~2.0.0"
  
  engine.io-parser@~5.0.3:
    version "5.0.6"
    resolved "https://registry.npmjs.org/engine.io-parser/-/engine.io-parser-5.0.6.tgz"
    integrity sha512-tjuoZDMAdEhVnSFleYPCtdL2GXwVTGtNjoeJd9IhIG3C1xs9uwxqRNEu5WpnDZCaozwVlK/nuQhpodhXSIMaxw==
  
  entities@^1.1.1:
    version "1.1.2"
    resolved "https://registry.npmjs.org/entities/-/entities-1.1.2.tgz"
    integrity sha512-f2LZMYl1Fzu7YSBKg+RoROelpOaNrcGmE9AZubeDfrCEia483oW4MI4VyFd5VNHIgQ/7qm1I0wUHK1eJnn2y2w==
  
  entities@^4.5.0:
    version "4.5.0"
    resolved "https://registry.npmjs.org/entities/-/entities-4.5.0.tgz"
    integrity sha512-V0hjH4dGPh9Ao5p0MoRY6BVqtwCjhz6vI5LT8AJ55H+4g9/4vbHx1I54fS0XuclLhDHArPQCiMjDxjaL8fPxhw==
  
  entities@~1.1.1:
    version "1.1.2"
    resolved "https://registry.npmjs.org/entities/-/entities-1.1.2.tgz"
    integrity sha512-f2LZMYl1Fzu7YSBKg+RoROelpOaNrcGmE9AZubeDfrCEia483oW4MI4VyFd5VNHIgQ/7qm1I0wUHK1eJnn2y2w==
  
  entities@~3.0.1:
    version "3.0.1"
    resolved "https://registry.npmjs.org/entities/-/entities-3.0.1.tgz"
    integrity sha512-WiyBqoomrwMdFG1e0kqvASYfnlb0lp8M5o5Fw2OFq1hNZxxcNk8Ik0Xm7LxzBhuidnZB/UtBqVCgUz3kBOP51Q==
  
  entities@1.0:
    version "1.0.0"
    resolved "https://registry.npmjs.org/entities/-/entities-1.0.0.tgz"
    integrity sha512-LbLqfXgJMmy81t+7c14mnulFHJ170cM6E+0vMXR9k/ZiZwgX8i5pNgjTCX3SO4VeUsFLV+8InixoretwU+MjBQ==
  
  error-ex@^1.3.1:
    version "1.3.2"
    resolved "https://registry.npmjs.org/error-ex/-/error-ex-1.3.2.tgz"
    integrity sha512-7dFHNmqeFSEt2ZBsCriorKnn3Z2pj+fd9kmI6QoWw4//DL+icEBfc0U7qJCisqrTsKTjw4fNFy2pW9OqStD84g==
    dependencies:
      is-arrayish "^0.2.1"
  
  es-define-property@^1.0.0:
    version "1.0.0"
    resolved "https://registry.npmjs.org/es-define-property/-/es-define-property-1.0.0.tgz"
    integrity sha512-jxayLKShrEqqzJ0eumQbVhTYQM27CfT1T35+gCgDFoL82JLsXqTJ76zv6A0YLOgEnLUMvLzsDsGIrl8NFpT2gQ==
    dependencies:
      get-intrinsic "^1.2.4"
  
  es-errors@^1.3.0:
    version "1.3.0"
    resolved "https://registry.npmjs.org/es-errors/-/es-errors-1.3.0.tgz"
    integrity sha512-Zf5H2Kxt2xjTvbJvP2ZWLEICxA6j+hAmMzIlypy4xcBg1vKVnx89Wy0GbS+kf5cwCVFFzdCFh2XSCFNULS6csw==
  
  esbuild-linux-64@0.14.54:
    version "0.14.54"
    resolved "https://registry.npmjs.org/esbuild-linux-64/-/esbuild-linux-64-0.14.54.tgz"
    integrity sha512-EgjAgH5HwTbtNsTqQOXWApBaPVdDn7XcK+/PtJwZLT1UmpLoznPd8c5CxqsH2dQK3j05YsB3L17T8vE7cp4cCg==
  
  esbuild@^0.14.27:
    version "0.14.54"
    resolved "https://registry.npmjs.org/esbuild/-/esbuild-0.14.54.tgz"
    integrity sha512-Cy9llcy8DvET5uznocPyqL3BFRrFXSVqbgpMJ9Wz8oVjZlh/zUSNbPRbov0VX7VxN2JH1Oa0uNxZ7eLRb62pJA==
    optionalDependencies:
      "@esbuild/linux-loong64" "0.14.54"
      esbuild-android-64 "0.14.54"
      esbuild-android-arm64 "0.14.54"
      esbuild-darwin-64 "0.14.54"
      esbuild-darwin-arm64 "0.14.54"
      esbuild-freebsd-64 "0.14.54"
      esbuild-freebsd-arm64 "0.14.54"
      esbuild-linux-32 "0.14.54"
      esbuild-linux-64 "0.14.54"
      esbuild-linux-arm "0.14.54"
      esbuild-linux-arm64 "0.14.54"
      esbuild-linux-mips64le "0.14.54"
      esbuild-linux-ppc64le "0.14.54"
      esbuild-linux-riscv64 "0.14.54"
      esbuild-linux-s390x "0.14.54"
      esbuild-netbsd-64 "0.14.54"
      esbuild-openbsd-64 "0.14.54"
      esbuild-sunos-64 "0.14.54"
      esbuild-windows-32 "0.14.54"
      esbuild-windows-64 "0.14.54"
      esbuild-windows-arm64 "0.14.54"
  
  escalade@^3.1.1:
    version "3.1.1"
    resolved "https://registry.npmjs.org/escalade/-/escalade-3.1.1.tgz"
    integrity sha512-k0er2gUkLf8O0zKJiAhmkTnJlTvINGv7ygDNPbeIsX/TJjGJZHuh9B2UxbsaEkmlEo9MfhrSzmhIlhRlI2GXnw==
  
  escape-html@^1.0.3:
    version "1.0.3"
    resolved "https://registry.npmjs.org/escape-html/-/escape-html-1.0.3.tgz"
    integrity sha512-NiSupZ4OeuGwr68lGIeym/ksIZMJodUGOSCZ/FSnTxcrekbvqrgdUxlJOMpijaKZVjAJrWrGs/6Jy8OMuyj9ow==
  
  escape-string-regexp@^1.0.5:
    version "1.0.5"
    resolved "https://registry.npmjs.org/escape-string-regexp/-/escape-string-regexp-1.0.5.tgz"
    integrity sha1-G2HAViGQqN/2rjuyzwIAyhMLhtQ=
  
  escape-string-regexp@^4.0.0:
    version "4.0.0"
    resolved "https://registry.npmjs.org/escape-string-regexp/-/escape-string-regexp-4.0.0.tgz"
    integrity sha512-TtpcNJ3XAzx3Gq8sWRzJaVajRs0uVxA2YAkdb1jm2YkPz4G6egUFAyA3n5vtEIZefPk5Wa4UXbKuS5fKkJWdgA==
  
  estree-walker@^2.0.2:
    version "2.0.2"
    resolved "https://registry.npmjs.org/estree-walker/-/estree-walker-2.0.2.tgz"
    integrity sha512-Rfkk/Mp/DL7JVje3u18FxFujQlTNR2q6QfMSMB7AvCBx91NGj/ba3kCfza0f6dVDbw7YlRf/nDrn7pQrCCyQ/w==
  
  eventemitter3@^2.0.3:
    version "2.0.3"
    resolved "https://registry.npmjs.org/eventemitter3/-/eventemitter3-2.0.3.tgz"
    integrity sha512-jLN68Dx5kyFHaePoXWPsCGW5qdyZQtLYHkxkg02/Mz6g0kYpDx4FyP6XfArhQdlOC4b8Mv+EMxPo/8La7Tzghg==
  
  extend@^3.0.2:
    version "3.0.2"
    resolved "https://registry.npmjs.org/extend/-/extend-3.0.2.tgz"
    integrity sha512-fjquC59cD7CyW6urNXK0FBufkZcoiGG80wTuPujX590cB5Ttln20E2UB4S/WARVqhXffZl2LNgS+gQdPIIim/g==
  
  fast-deep-equal@^3.1.3:
    version "3.1.3"
    resolved "https://registry.npmjs.org/fast-deep-equal/-/fast-deep-equal-3.1.3.tgz"
    integrity sha512-f3qQ9oQy9j2AhBe/H9VC91wLmKBCCU/gDOnKNAYG5hswO7BLKj09Hc5HYNz9cGI++xlpDCIgDaitVs03ATR84Q==
  
  fast-diff@1.1.2:
    version "1.1.2"
    resolved "https://registry.npmjs.org/fast-diff/-/fast-diff-1.1.2.tgz"
    integrity sha512-KaJUt+M9t1qaIteSvjc6P3RbMdXsNhK61GRftR6SNxqmhthcd9MGIi4T+o0jD8LUSpSnSKXE20nLtJ3fOHxQig==
  
  fast-glob@^3.2.7:
    version "3.2.11"
    resolved "https://registry.npmjs.org/fast-glob/-/fast-glob-3.2.11.tgz"
    integrity sha512-xrO3+1bxSo3ZVHAnqzyuewYT6aMFHRAd4Kcs92MAonjwQZLsK9d0SF1IyQ3k5PoirxTW0Oe/RqFgMQ6TcNE5Ew==
    dependencies:
      "@nodelib/fs.stat" "^2.0.2"
      "@nodelib/fs.walk" "^1.2.3"
      glob-parent "^5.1.2"
      merge2 "^1.3.0"
      micromatch "^4.0.4"
  
  fastq@^1.6.0:
    version "1.13.0"
    resolved "https://registry.npmjs.org/fastq/-/fastq-1.13.0.tgz"
    integrity sha512-YpkpUnK8od0o1hmeSc7UUs/eB/vIPWJYjKck2QKIzAf71Vm1AAQ3EbuZB3g2JIy+pg+ERD0vqI79KyZiB2e2Nw==
    dependencies:
      reusify "^1.0.4"
  
  feather-icons@^4.28.0:
    version "4.28.0"
    resolved "https://registry.npmjs.org/feather-icons/-/feather-icons-4.28.0.tgz"
    integrity sha512-gRdqKESXRBUZn6Nl0VBq2wPHKRJgZz7yblrrc2lYsS6odkNFDnA4bqvrlEVRUPjE1tFax+0TdbJKZ31ziJuzjg==
    dependencies:
      classnames "^2.2.5"
      core-js "^3.1.3"
  
  fill-range@^7.0.1:
    version "7.0.1"
    resolved "https://registry.npmjs.org/fill-range/-/fill-range-7.0.1.tgz"
    integrity sha512-qOo9F+dMUmC2Lcb4BbVvnKJxTPjCm+RRpe4gDuGrzkL7mEVl/djYSu2OdQ2Pa302N4oqkSg9ir6jaLWJ2USVpQ==
    dependencies:
      to-regex-range "^5.0.1"
  
  fraction.js@^4.1.2:
    version "4.1.2"
    resolved "https://registry.npmjs.org/fraction.js/-/fraction.js-4.1.2.tgz"
    integrity sha512-o2RiJQ6DZaR/5+Si0qJUIy637QMRudSi9kU/FFzx9EZazrIdnBgpU+3sEWCxAVhH2RtxW2Oz+T4p2o8uOPVcgA==
  
  frappe-ui@^0.1.3:
    version "0.1.3"
    resolved "https://registry.npmjs.org/frappe-ui/-/frappe-ui-0.1.3.tgz"
    integrity sha512-xVf5vTnw8qreRHX1CGRoV2taYGwRdlDS5HT9n6f+BzvW7uYCyX7RexAm+cyeEsEDo2I9YSHk/48GDx+svj1k4w==
    dependencies:
      "@headlessui/vue" "^1.7.14"
      "@popperjs/core" "^2.11.2"
      "@tailwindcss/forms" "^0.5.3"
      "@tailwindcss/typography" "^0.5.0"
      "@tiptap/extension-color" "^2.0.3"
      "@tiptap/extension-highlight" "^2.0.3"
      "@tiptap/extension-image" "^2.0.3"
      "@tiptap/extension-link" "^2.0.3"
      "@tiptap/extension-mention" "^2.0.3"
      "@tiptap/extension-placeholder" "^2.0.3"
      "@tiptap/extension-table" "^2.0.3"
      "@tiptap/extension-table-cell" "^2.0.3"
      "@tiptap/extension-table-header" "^2.0.3"
      "@tiptap/extension-table-row" "^2.0.3"
      "@tiptap/extension-text-align" "^2.0.3"
      "@tiptap/extension-text-style" "^2.0.3"
      "@tiptap/extension-typography" "^2.0.3"
      "@tiptap/pm" "^2.0.3"
      "@tiptap/starter-kit" "^2.0.3"
      "@tiptap/suggestion" "^2.0.3"
      "@tiptap/vue-3" "^2.0.3"
      feather-icons "^4.28.0"
      idb-keyval "^6.2.0"
      showdown "^2.1.0"
      socket.io-client "^4.5.1"
      tippy.js "^6.3.7"
  
  function-bind@^1.1.2:
    version "1.1.2"
    resolved "https://registry.npmjs.org/function-bind/-/function-bind-1.1.2.tgz"
    integrity sha512-7XHNxH7qX9xG5mIwxkhumTox/MIRNcOgDrxWsMt2pAr23WHp6MrRlN7FBSFpCpr+oVO0F744iUgR82nJMfG2SA==
  
  functions-have-names@^1.2.3:
    version "1.2.3"
    resolved "https://registry.npmjs.org/functions-have-names/-/functions-have-names-1.2.3.tgz"
    integrity sha512-xckBUXyTIqT97tq2x2AMb+g163b5JFysYk0x4qxNFwbfQkmNZoiRHb6sPzI9/QV33WeuvVYBUIiD4NzNIyqaRQ==
  
  get-intrinsic@^1.1.3, get-intrinsic@^1.2.4:
    version "1.2.4"
    resolved "https://registry.npmjs.org/get-intrinsic/-/get-intrinsic-1.2.4.tgz"
    integrity sha512-5uYhsJH8VJBTv7oslg4BznJYhDoRI6waYCxMmCdnTrcCrHA/fCFKoTFz2JKKE0HdDFUF7/oQuhzumXJK7paBRQ==
    dependencies:
      es-errors "^1.3.0"
      function-bind "^1.1.2"
      has-proto "^1.0.1"
      has-symbols "^1.0.3"
      hasown "^2.0.0"
  
  glob-parent@^5.1.2, glob-parent@~5.1.2:
    version "5.1.2"
    resolved "https://registry.npmjs.org/glob-parent/-/glob-parent-5.1.2.tgz"
    integrity sha512-AOIgSQCepiJYwP3ARnGx+5VnTu2HBYdzbGP45eLw1vr3zB3vZLeyed1sC9hnbcOc9/SrMyM5RPQrkGz4aS9Zow==
    dependencies:
      is-glob "^4.0.1"
  
  glob-parent@^6.0.2:
    version "6.0.2"
    resolved "https://registry.npmjs.org/glob-parent/-/glob-parent-6.0.2.tgz"
    integrity sha512-XxwI8EOhVQgWp6iDL+3b0r86f4d6AX6zSU55HfB4ydCEuXLXc5FcYeOu+nnGftS4TEju/11rt4KJPTMgbfmv4A==
    dependencies:
      is-glob "^4.0.3"
  
  gopd@^1.0.1:
    version "1.0.1"
    resolved "https://registry.npmjs.org/gopd/-/gopd-1.0.1.tgz"
    integrity sha512-d65bNlIadxvpb/A2abVdlqKqV563juRnZ1Wtk6s1sIR8uNsXR70xqIzVqxVf1eTqDunwT2MkczEeaezCKTZhwA==
    dependencies:
      get-intrinsic "^1.1.3"
  
  has-flag@^3.0.0:
    version "3.0.0"
    resolved "https://registry.npmjs.org/has-flag/-/has-flag-3.0.0.tgz"
    integrity sha1-tdRU3CGZriJWmfNGfloH87lVuv0=
  
  has-flag@^4.0.0:
    version "4.0.0"
    resolved "https://registry.npmjs.org/has-flag/-/has-flag-4.0.0.tgz"
    integrity sha512-EykJT/Q1KjTWctppgIAgfSO0tKVuZUjhgMr17kqTumMl6Afv3EISleU7qZUzoXDFTAHTDC4NOoG/ZxU3EvlMPQ==
  
  has-property-descriptors@^1.0.0, has-property-descriptors@^1.0.2:
    version "1.0.2"
    resolved "https://registry.npmjs.org/has-property-descriptors/-/has-property-descriptors-1.0.2.tgz"
    integrity sha512-55JNKuIW+vq4Ke1BjOTjM2YctQIvCT7GFzHwmfZPGo5wnrgkid0YQtnAleFSqumZm4az3n2BS+erby5ipJdgrg==
    dependencies:
      es-define-property "^1.0.0"
  
  has-proto@^1.0.1:
    version "1.0.3"
    resolved "https://registry.npmjs.org/has-proto/-/has-proto-1.0.3.tgz"
    integrity sha512-SJ1amZAJUiZS+PhsVLf5tGydlaVB8EdFpaSO4gmiUKUOxk8qzn5AIy4ZeJUmh22znIdk/uMAUT2pl3FxzVUH+Q==
  
  has-symbols@^1.0.3:
    version "1.0.3"
    resolved "https://registry.npmjs.org/has-symbols/-/has-symbols-1.0.3.tgz"
    integrity sha512-l3LCuF6MgDNwTDKkdYGEihYjt5pRPbEg46rtlmnSPlUbgmB8LOIrKJbYYFBSbnPaJexMKtiPO8hmeRjRz2Td+A==
  
  has-tostringtag@^1.0.0:
    version "1.0.2"
    resolved "https://registry.npmjs.org/has-tostringtag/-/has-tostringtag-1.0.2.tgz"
    integrity sha512-NqADB8VjPFLM2V0VvHUewwwsw0ZWBaIdgo+ieHtK3hasLz4qeCRjYcqfB6AQrBggRKppKF8L52/VqdVsO47Dlw==
    dependencies:
      has-symbols "^1.0.3"
  
  hasown@^2.0.0:
    version "2.0.1"
    resolved "https://registry.npmjs.org/hasown/-/hasown-2.0.1.tgz"
    integrity sha512-1/th4MHjnwncwXsIW6QMzlvYL9kG5e/CpVvLRZe4XPa8TOUNbCELqmvhDmnkNsAjwaG4+I8gJJL0JBvTTLO9qA==
    dependencies:
      function-bind "^1.1.2"
  
  htmlparser2@~3.8.1:
    version "3.8.3"
    resolved "https://registry.npmjs.org/htmlparser2/-/htmlparser2-3.8.3.tgz"
    integrity sha512-hBxEg3CYXe+rPIua8ETe7tmG3XDn9B0edOE/e9wH2nLczxzgdu0m0aNHY+5wFZiviLWLdANPJTssa92dMcXQ5Q==
    dependencies:
      domelementtype "1"
      domhandler "2.3"
      domutils "1.5"
      entities "1.0"
      readable-stream "1.1"
  
  idb-keyval@^6.2.0:
    version "6.2.0"
    resolved "https://registry.npmjs.org/idb-keyval/-/idb-keyval-6.2.0.tgz"
    integrity sha512-uw+MIyQn2jl3+hroD7hF8J7PUviBU7BPKWw4f/ISf32D4LoGu98yHjrzWWJDASu9QNrX10tCJqk9YY0ClWm8Ng==
    dependencies:
      safari-14-idb-fix "^3.0.0"
  
  import-fresh@^3.2.1:
    version "3.3.0"
    resolved "https://registry.npmjs.org/import-fresh/-/import-fresh-3.3.0.tgz"
    integrity sha512-veYYhQa+D1QBKznvhUHxb8faxlrwUnxseDAbAp457E0wLNio2bOSKnjYDhMj+YiAq61xrMGhQk9iXVk5FzgQMw==
    dependencies:
      parent-module "^1.0.0"
      resolve-from "^4.0.0"
  
  inherits@~2.0.1:
    version "2.0.4"
    resolved "https://registry.npmjs.org/inherits/-/inherits-2.0.4.tgz"
    integrity sha512-k/vGaX4/Yla3WzyMCvTQOXYeIHvqOKtnqBduzTHpzpQZzAskKMhZ2K+EnBiSM9zGSoIFeMpXKxa4dYeZIQqewQ==
  
  ionicons@^7.0.0, ionicons@^7.2.2:
    version "7.2.2"
    resolved "https://registry.npmjs.org/ionicons/-/ionicons-7.2.2.tgz"
    integrity sha512-I3iYIfc9Q9FRifWyFSwTAvbEABWlWY32i0sAVDDPGYnaIZVugkLCZFbEcrphW6ixVPg8tt1oLwalo/JJwbEqnA==
    dependencies:
      "@stencil/core" "^4.0.3"
  
  is-arguments@^1.1.1:
    version "1.1.1"
    resolved "https://registry.npmjs.org/is-arguments/-/is-arguments-1.1.1.tgz"
    integrity sha512-8Q7EARjzEnKpt/PCD7e1cgUS0a6X8u5tdSiMqXhojOdoV9TsMsiO+9VLC5vAmO8N7/GmXn7yjR8qnA6bVAEzfA==
    dependencies:
      call-bind "^1.0.2"
      has-tostringtag "^1.0.0"
  
  is-arrayish@^0.2.1:
    version "0.2.1"
    resolved "https://registry.npmjs.org/is-arrayish/-/is-arrayish-0.2.1.tgz"
    integrity sha1-d8mYQFJ6qOyxqLppe4BkWnqSap0=
  
  is-binary-path@~2.1.0:
    version "2.1.0"
    resolved "https://registry.npmjs.org/is-binary-path/-/is-binary-path-2.1.0.tgz"
    integrity sha512-ZMERYes6pDydyuGidse7OsHxtbI7WVeUEozgR/g7rd0xUimYNlvZRE/K2MgZTjWy725IfelLeVcEM97mmtRGXw==
    dependencies:
      binary-extensions "^2.0.0"
  
  is-core-module@^2.13.0:
    version "2.13.1"
    resolved "https://registry.npmjs.org/is-core-module/-/is-core-module-2.13.1.tgz"
    integrity sha512-hHrIjvZsftOsvKSn2TRYl63zvxsgE0K+0mYMoH6gD4omR5IWB2KynivBQczo3+wF1cCkjzvptnI9Q0sPU66ilw==
    dependencies:
      hasown "^2.0.0"
  
  is-date-object@^1.0.5:
    version "1.0.5"
    resolved "https://registry.npmjs.org/is-date-object/-/is-date-object-1.0.5.tgz"
    integrity sha512-9YQaSxsAiSwcvS33MBk3wTCVnWK+HhF8VZR2jRxehM16QcVOdHqPn4VPHmRK4lSr38n9JriurInLcP90xsYNfQ==
    dependencies:
      has-tostringtag "^1.0.0"
  
  is-extendable@^1.0.0:
    version "1.0.1"
    resolved "https://registry.npmjs.org/is-extendable/-/is-extendable-1.0.1.tgz"
    integrity sha512-arnXMxT1hhoKo9k1LZdmlNyJdDDfy2v0fXjFlmok4+i8ul/6WlbVge9bhM74OpNPQPMGUToDtz+KXa1PneJxOA==
    dependencies:
      is-plain-object "^2.0.4"
  
  is-extglob@^2.1.1:
    version "2.1.1"
    resolved "https://registry.npmjs.org/is-extglob/-/is-extglob-2.1.1.tgz"
    integrity sha1-qIwCU1eR8C7TfHahueqXc8gz+MI=
  
  is-glob@^4.0.1, is-glob@^4.0.3, is-glob@~4.0.1:
    version "4.0.3"
    resolved "https://registry.npmjs.org/is-glob/-/is-glob-4.0.3.tgz"
    integrity sha512-xelSayHH36ZgE7ZWhli7pW34hNbNl8Ojv5KVmkJD4hBdD3th8Tfk9vYasLM+mXWOZhFkgZfxhLSnrwRr4elSSg==
    dependencies:
      is-extglob "^2.1.1"
  
  is-number@^7.0.0:
    version "7.0.0"
    resolved "https://registry.npmjs.org/is-number/-/is-number-7.0.0.tgz"
    integrity sha512-41Cifkg6e8TylSpdtTpeLVMqvSBEVzTttHvERD741+pnZ8ANv0004MRL43QKPDlK9cGvNp6NZWZUBlbGXYxxng==
  
  is-plain-object@^2.0.4:
    version "2.0.4"
    resolved "https://registry.npmjs.org/is-plain-object/-/is-plain-object-2.0.4.tgz"
    integrity sha512-h5PpgXkWitc38BBMYawTYMWJHFZJVnBquFE57xFpjB8pJFiF6gZ+bU+WyI/yqXiFR5mdLsgYNaPe8uao6Uv9Og==
    dependencies:
      isobject "^3.0.1"
  
  is-regex@^1.1.4:
    version "1.1.4"
    resolved "https://registry.npmjs.org/is-regex/-/is-regex-1.1.4.tgz"
    integrity sha512-kvRdxDsxZjhzUX07ZnLydzS1TU/TJlTUHHY4YLL87e37oUA49DfkLqgy+VjFocowy29cKvcSiu+kIv728jTTVg==
    dependencies:
      call-bind "^1.0.2"
      has-tostringtag "^1.0.0"
  
  isarray@0.0.1:
    version "0.0.1"
    resolved "https://registry.npmjs.org/isarray/-/isarray-0.0.1.tgz"
    integrity sha512-D2S+3GLxWH+uhrNEcoh/fnmYeP8E8/zHl644d/jdA0g2uyXvy3sb0qxotE+ne0LtccHknQzWwZEzhak7oJ0COQ==
  
  isobject@^3.0.1:
    version "3.0.1"
    resolved "https://registry.npmjs.org/isobject/-/isobject-3.0.1.tgz"
    integrity sha512-WhB9zCku7EGTj/HQQRz5aUQEUeoQZH2bWcltRErOpymJ4boYE6wL9Tbr23krRPSZ+C5zqNSrSw+Cc7sZZ4b7vg==
  
  js-tokens@^4.0.0:
    version "4.0.0"
    resolved "https://registry.npmjs.org/js-tokens/-/js-tokens-4.0.0.tgz"
    integrity sha512-RdJUflcE3cUzKiMqQgsCu06FPu9UdIJO0beYbPhHN4k6apgJtifcoCtT9bcxOpYBtpD2kCM6Sbzg4CausW/PKQ==
  
  json-parse-even-better-errors@^2.3.0:
    version "2.3.1"
    resolved "https://registry.npmjs.org/json-parse-even-better-errors/-/json-parse-even-better-errors-2.3.1.tgz"
    integrity sha512-xyFwyhro/JEof6Ghe2iz2NcXoj2sloNsWr/XsERDK/oiPCfaNhl5ONfp+jQdAZRQQ0IJWNzH9zIZF7li91kh2w==
  
  jsonc-parser@^3.0.0:
    version "3.2.1"
    resolved "https://registry.npmjs.org/jsonc-parser/-/jsonc-parser-3.2.1.tgz"
    integrity sha512-AilxAyFOAcK5wA1+LeaySVBrHsGQvUFCDWXKpZjzaL0PqW+xfBOttn8GNtWKFWqneyMZj41MWF9Kl6iPWLwgOA==
  
  lilconfig@^2.0.4:
    version "2.0.4"
    resolved "https://registry.npmjs.org/lilconfig/-/lilconfig-2.0.4.tgz"
    integrity sha512-bfTIN7lEsiooCocSISTWXkiWJkRqtL9wYtYy+8EK3Y41qh3mpwPU0ycTOgjdY9ErwXCc8QyrQp82bdL0Xkm9yA==
  
  lines-and-columns@^1.1.6:
    version "1.2.4"
    resolved "https://registry.npmjs.org/lines-and-columns/-/lines-and-columns-1.2.4.tgz"
    integrity sha512-7ylylesZQ/PV29jhEDl3Ufjo6ZX7gCqJr5F7PKrqc93v7fzSymt1BpwEU8nAUXs8qzzvqhbjhK5QZg6Mt/HkBg==
  
  linkify-it@^4.0.1:
    version "4.0.1"
    resolved "https://registry.npmjs.org/linkify-it/-/linkify-it-4.0.1.tgz"
    integrity sha512-C7bfi1UZmoj8+PQx22XyeXCuBlokoyWQL5pWSP+EI6nzRylyThouddufc2c1NDIcP9k5agmN9fLpA7VNJfIiqw==
    dependencies:
      uc.micro "^1.0.1"
  
  linkifyjs@^4.1.0:
    version "4.1.1"
    resolved "https://registry.npmjs.org/linkifyjs/-/linkifyjs-4.1.1.tgz"
    integrity sha512-zFN/CTVmbcVef+WaDXT63dNzzkfRBKT1j464NJQkV7iSgJU0sLBus9W0HBwnXK13/hf168pbrx/V/bjEHOXNHA==
  
  lodash.castarray@^4.4.0:
    version "4.4.0"
    resolved "https://registry.npmjs.org/lodash.castarray/-/lodash.castarray-4.4.0.tgz"
    integrity sha1-wCUTUV4wna3dTCTGDP3c9ZdtkRU=
  
  lodash.defaultsdeep@^4.6.0:
    version "4.6.1"
    resolved "https://registry.npmjs.org/lodash.defaultsdeep/-/lodash.defaultsdeep-4.6.1.tgz"
    integrity sha512-3j8wdDzYuWO3lM3Reg03MuQR957t287Rpcxp1njpEa8oDrikb+FwGdW3n+FELh/A6qib6yPit0j/pv9G/yeAqA==
  
  lodash.isplainobject@^4.0.6:
    version "4.0.6"
    resolved "https://registry.npmjs.org/lodash.isplainobject/-/lodash.isplainobject-4.0.6.tgz"
    integrity sha1-fFJqUtibRcRcxpC4gWO+BJf1UMs=
  
  lodash.merge@^4.6.2:
    version "4.6.2"
    resolved "https://registry.npmjs.org/lodash.merge/-/lodash.merge-4.6.2.tgz"
    integrity sha512-0KpjqXRVvrYyCsX1swR/XTK0va6VQkQM6MNo7PqW77ByjAhoARA8EfrP1N4+KlKj8YS0ZUCtRT/YUuhyYDujIQ==
  
  lodash.uniq@^4.5.0:
    version "4.5.0"
    resolved "https://registry.npmjs.org/lodash.uniq/-/lodash.uniq-4.5.0.tgz"
    integrity sha1-0CJTc662Uq3BvILklFM5qEJ1R3M=
  
  lodash@^3.2.0:
    version "3.10.1"
    resolved "https://registry.npmjs.org/lodash/-/lodash-3.10.1.tgz"
    integrity sha512-9mDDwqVIma6OZX79ZlDACZl8sBm0TEnkf99zV3iMA4GzkIT/9hiqP5mY0HoT1iNLCrKc/R1HByV+yJfRWVJryQ==
  
  magic-string@^0.30.6:
    version "0.30.7"
    resolved "https://registry.npmjs.org/magic-string/-/magic-string-0.30.7.tgz"
    integrity sha512-8vBuFF/I/+OSLRmdf2wwFCJCz+nSn0m6DPvGH1fS/KiQoSaR+sETbov0eIk9KhEKy8CYqIkIAnbohxT/4H0kuA==
    dependencies:
      "@jridgewell/sourcemap-codec" "^1.4.15"
  
  make-error@^1.3.6:
    version "1.3.6"
    resolved "https://registry.npmjs.org/make-error/-/make-error-1.3.6.tgz"
    integrity sha512-s8UhlNe7vPKomQhC1qFelMokr/Sc3AgNbso3n74mVPA5LTZwkB9NlXf4XPamLxJE8h0gh73rM94xvwRT2CVInw==
  
  markdown-it@^13.0.1:
    version "13.0.1"
    resolved "https://registry.npmjs.org/markdown-it/-/markdown-it-13.0.1.tgz"
    integrity sha512-lTlxriVoy2criHP0JKRhO2VDG9c2ypWCsT237eDiLqi09rmbKoUetyGHq2uOIRoRS//kfoJckS0eUzzkDR+k2Q==
    dependencies:
      argparse "^2.0.1"
      entities "~3.0.1"
      linkify-it "^4.0.1"
      mdurl "^1.0.1"
      uc.micro "^1.0.5"
  
  mdurl@^1.0.1:
    version "1.0.1"
    resolved "https://registry.npmjs.org/mdurl/-/mdurl-1.0.1.tgz"
    integrity sha512-/sKlQJCBYVY9Ers9hqzKou4H6V5UWc/M59TH2dvkt+84itfnq7uFOMLpOiOS4ujvHP4etln18fmIxA5R5fll0g==
  
  merge2@^1.3.0:
    version "1.4.1"
    resolved "https://registry.npmjs.org/merge2/-/merge2-1.4.1.tgz"
    integrity sha512-8q7VEgMJW4J8tcfVPy8g09NcQwZdbwFEqhe/WZkoIzjn/3TGDwtOCYtXGxA3O8tPzpczCCDgv+P2P5y00ZJOOg==
  
  micromatch@^4.0.4:
    version "4.0.4"
    resolved "https://registry.npmjs.org/micromatch/-/micromatch-4.0.4.tgz"
    integrity sha512-pRmzw/XUcwXGpD9aI9q/0XOwLNygjETJ8y0ao0wdqprrzDa4YnxLcz7fQRZr8voh8V10kGhABbNcHVk5wHgWwg==
    dependencies:
      braces "^3.0.1"
      picomatch "^2.2.3"
  
  mini-svg-data-uri@^1.2.3:
    version "1.4.3"
    resolved "https://registry.npmjs.org/mini-svg-data-uri/-/mini-svg-data-uri-1.4.3.tgz"
    integrity sha512-gSfqpMRC8IxghvMcxzzmMnWpXAChSA+vy4cia33RgerMS8Fex95akUyQZPbxJJmeBGiGmK7n/1OpUX8ksRjIdA==
  
  minimist@^1.1.1:
    version "1.2.8"
    resolved "https://registry.npmjs.org/minimist/-/minimist-1.2.8.tgz"
    integrity sha512-2yyAR8qBkN3YuheJanUpWC5U3bb5osDywNB8RzDVlDwDHbocAJveqqj1u8+SVD7jkWT4yvsHCpWqqWqAxb0zCA==
  
  moment@^2.30.1:
    version "2.30.1"
    resolved "https://registry.npmjs.org/moment/-/moment-2.30.1.tgz"
    integrity sha512-uEmtNhbDOrWPFS+hdjFCBfy9f2YoyzRpwcl+DqpC6taX21FzsTLQVbMV/W7PzNSX6x/bhC1zA3c2UQ5NzH6how==
  
  ms@2.1.2:
    version "2.1.2"
    resolved "https://registry.npmjs.org/ms/-/ms-2.1.2.tgz"
    integrity sha512-sGkPx+VjMtmA6MX27oA4FBFELFCZZ4S4XqeGOXCv68tT+jb3vk/RyaKWP0PTKyWtmLSM0b+adUTEvbs1PEaH2w==
  
  nanoid@^3.3.7:
    version "3.3.7"
    resolved "https://registry.npmjs.org/nanoid/-/nanoid-3.3.7.tgz"
    integrity sha512-eSRppjcPIatRIMC1U6UngP8XFcz8MQWGQdt1MTBQ7NaAmvXDfvNxbvWV3x2y6CdEUciCSsDHDQZbhYaB8QEo2g==
  
  node-releases@^2.0.1:
    version "2.0.1"
    resolved "https://registry.npmjs.org/node-releases/-/node-releases-2.0.1.tgz"
    integrity sha512-CqyzN6z7Q6aMeF/ktcMVTzhAHCEpf8SOarwpzpf8pNBY2k5/oM34UHldUwp8VKI7uxct2HxSRdJjBaZeESzcxA==
  
  normalize-path@^3.0.0, normalize-path@~3.0.0:
    version "3.0.0"
    resolved "https://registry.npmjs.org/normalize-path/-/normalize-path-3.0.0.tgz"
    integrity sha512-6eZs5Ls3WtCisHWp9S2GUy8dqkpGi4BVSz3GaqiE6ezub0512ESztXUwUB6C6IKbQkY2Pnb/mD4WYojCRwcwLA==
  
  normalize-range@^0.1.2:
    version "0.1.2"
    resolved "https://registry.npmjs.org/normalize-range/-/normalize-range-0.1.2.tgz"
    integrity sha1-LRDAa9/TEuqXd2laTShDlFa3WUI=
  
  nth-check@~1.0.0:
    version "1.0.2"
    resolved "https://registry.npmjs.org/nth-check/-/nth-check-1.0.2.tgz"
    integrity sha512-WeBOdju8SnzPN5vTUJYxYUxLeXpCaVP5i5e0LF8fg7WORF2Wd7wFX/pk0tYZk7s8T+J7VLy0Da6J1+wCT0AtHg==
    dependencies:
      boolbase "~1.0.0"
  
  object-hash@^2.2.0:
    version "2.2.0"
    resolved "https://registry.npmjs.org/object-hash/-/object-hash-2.2.0.tgz"
    integrity sha512-gScRMn0bS5fH+IuwyIFgnh9zBdo4DV+6GhygmWM9HyNJSgS0hScp1f5vjtm7oIIOiT9trXrShAkLFSc2IqKNgw==
  
  object-is@^1.1.5:
    version "1.1.6"
    resolved "https://registry.npmjs.org/object-is/-/object-is-1.1.6.tgz"
    integrity sha512-F8cZ+KfGlSGi09lJT7/Nd6KJZ9ygtvYC0/UYYLI9nmQKLMnydpB9yvbv9K1uSkEu7FU9vYPmVwLg328tX+ot3Q==
    dependencies:
      call-bind "^1.0.7"
      define-properties "^1.2.1"
  
  object-keys@^1.1.1:
    version "1.1.1"
    resolved "https://registry.npmjs.org/object-keys/-/object-keys-1.1.1.tgz"
    integrity sha512-NuAESUOUMrlIXOfHKzD6bpPu3tYt3xvjNdRIQ+FeT0lNb4K8WR70CaDxhuNguS2XG+GjkyMwOzsN5ZktImfhLA==
  
  object.omit@^3.0.0:
    version "3.0.0"
    resolved "https://registry.npmjs.org/object.omit/-/object.omit-3.0.0.tgz"
    integrity sha512-EO+BCv6LJfu+gBIF3ggLicFebFLN5zqzz/WWJlMFfkMyGth+oBkhxzDl0wx2W4GkLzuQs/FsSkXZb2IMWQqmBQ==
    dependencies:
      is-extendable "^1.0.0"
  
  object.pick@^1.3.0:
    version "1.3.0"
    resolved "https://registry.npmjs.org/object.pick/-/object.pick-1.3.0.tgz"
    integrity sha512-tqa/UMy/CCoYmj+H5qc07qvSL9dqcs/WZENZ1JbtWBlATP+iVOe778gE6MSijnyCnORzDuX6hU+LA4SZ09YjFQ==
    dependencies:
      isobject "^3.0.1"
  
  orderedmap@^2.0.0:
    version "2.1.0"
    resolved "https://registry.npmjs.org/orderedmap/-/orderedmap-2.1.0.tgz"
    integrity sha512-/pIFexOm6S70EPdznemIz3BQZoJ4VTFrhqzu0ACBqBgeLsLxq8e6Jim63ImIfwW/zAD1AlXpRMlOv3aghmo4dA==
  
  parchment@^1.1.4:
    version "1.1.4"
    resolved "https://registry.npmjs.org/parchment/-/parchment-1.1.4.tgz"
    integrity sha512-J5FBQt/pM2inLzg4hEWmzQx/8h8D0CiDxaG3vyp9rKrQRSDgBlhjdP5jQGgosEajXPSQouXGHOmVdgo7QmJuOg==
  
  parent-module@^1.0.0:
    version "1.0.1"
    resolved "https://registry.npmjs.org/parent-module/-/parent-module-1.0.1.tgz"
    integrity sha512-GQ2EWRpQV8/o+Aw8YqtfZZPfNRWZYkbidE9k5rpl/hC3vtHHBfGm2Ifi6qWV+coDGkrUKZAxE3Lot5kcsRlh+g==
    dependencies:
      callsites "^3.0.0"
  
  parse-json@^5.0.0:
    version "5.2.0"
    resolved "https://registry.npmjs.org/parse-json/-/parse-json-5.2.0.tgz"
    integrity sha512-ayCKvm/phCGxOkYRSCM82iDwct8/EonSEgCSxWxD7ve6jHggsFl4fZVQBPRNgQoKiuV/odhFrGzQXZwbifC8Rg==
    dependencies:
      "@babel/code-frame" "^7.0.0"
      error-ex "^1.3.1"
      json-parse-even-better-errors "^2.3.0"
      lines-and-columns "^1.1.6"
  
  path-parse@^1.0.7:
    version "1.0.7"
    resolved "https://registry.npmjs.org/path-parse/-/path-parse-1.0.7.tgz"
    integrity sha512-LDJzPVEEEPR+y48z93A0Ed0yXb8pAByGWo/k5YYdYgpY2/2EsOsksJrq7lOHxryrVOn1ejG6oAp8ahvOIQD8sw==
  
  path-type@^4.0.0:
    version "4.0.0"
    resolved "https://registry.npmjs.org/path-type/-/path-type-4.0.0.tgz"
    integrity sha512-gDKb8aZMDeD/tZWs9P6+q0J9Mwkdl6xMV8TjnGP3qJVJ06bdMgkbBlLU8IdfOsIsFz2BW1rNVT3XuNEl8zPAvw==
  
  picocolors@^1.0.0:
    version "1.0.0"
    resolved "https://registry.npmjs.org/picocolors/-/picocolors-1.0.0.tgz"
    integrity sha512-1fygroTLlHu66zi26VoTDv8yRgm0Fccecssto+MhsZ0D/DGW2sm8E8AjW7NU5VVTRt5GxbeZ5qBuJr+HyLYkjQ==
  
  picomatch@^2.0.4, picomatch@^2.2.1, picomatch@^2.2.3:
    version "2.3.1"
    resolved "https://registry.npmjs.org/picomatch/-/picomatch-2.3.1.tgz"
    integrity sha512-JU3teHTNjmE2VCGFzuY8EXzCDVwEqB2a8fsIvwaStHhAWJEeVd1o1QD80CU6+ZdEXXSLbSsuLwJjkCBWqRQUVA==
  
  postcss-js@^4.0.0:
    version "4.0.0"
    resolved "https://registry.npmjs.org/postcss-js/-/postcss-js-4.0.0.tgz"
    integrity sha512-77QESFBwgX4irogGVPgQ5s07vLvFqWr228qZY+w6lW599cRlK/HmnlivnnVUxkjHnCu4J16PDMHcH+e+2HbvTQ==
    dependencies:
      camelcase-css "^2.0.1"
  
  postcss-load-config@^3.1.0:
    version "3.1.1"
    resolved "https://registry.npmjs.org/postcss-load-config/-/postcss-load-config-3.1.1.tgz"
    integrity sha512-c/9XYboIbSEUZpiD1UQD0IKiUe8n9WHYV7YFe7X7J+ZwCsEKkUJSFWjS9hBU1RR9THR7jMXst8sxiqP0jjo2mg==
    dependencies:
      lilconfig "^2.0.4"
      yaml "^1.10.2"
  
  postcss-nested@5.0.6:
    version "5.0.6"
    resolved "https://registry.npmjs.org/postcss-nested/-/postcss-nested-5.0.6.tgz"
    integrity sha512-rKqm2Fk0KbA8Vt3AdGN0FB9OBOMDVajMG6ZCf/GoHgdxUJ4sBFp0A/uMIRm+MJUdo33YXEtjqIz8u7DAp8B7DA==
    dependencies:
      postcss-selector-parser "^6.0.6"
  
  postcss-selector-parser@^6.0.6, postcss-selector-parser@^6.0.8:
    version "6.0.8"
    resolved "https://registry.npmjs.org/postcss-selector-parser/-/postcss-selector-parser-6.0.8.tgz"
    integrity sha512-D5PG53d209Z1Uhcc0qAZ5U3t5HagH3cxu+WLZ22jt3gLUpXM4eXXfiO14jiDWST3NNooX/E8wISfOhZ9eIjGTQ==
    dependencies:
      cssesc "^3.0.0"
      util-deprecate "^1.0.2"
  
  postcss-value-parser@^4.2.0:
    version "4.2.0"
    resolved "https://registry.npmjs.org/postcss-value-parser/-/postcss-value-parser-4.2.0.tgz"
    integrity sha512-1NNCs6uurfkVbeXG4S8JFT9t19m45ICnif8zWLd5oPSZ50QnwMfK+H3jv408d4jw/7Bttv5axS5IiHoLaVNHeQ==
  
  postcss@^8.0.9, postcss@^8.1.0, postcss@^8.2.14, postcss@^8.3.3, postcss@^8.4.13, postcss@^8.4.33, postcss@^8.4.5:
    version "8.4.35"
    resolved "https://registry.npmjs.org/postcss/-/postcss-8.4.35.tgz"
    integrity sha512-u5U8qYpBCpN13BsiEB0CbR1Hhh4Gc0zLFuedrHJKMctHCHAGrMdG0PRM/KErzAL3CU6/eckEtmHNB3x6e3c0vA==
    dependencies:
      nanoid "^3.3.7"
      picocolors "^1.0.0"
      source-map-js "^1.0.2"
  
  prosemirror-changeset@^2.2.0:
    version "2.2.0"
    resolved "https://registry.npmjs.org/prosemirror-changeset/-/prosemirror-changeset-2.2.0.tgz"
    integrity sha512-QM7ohGtkpVpwVGmFb8wqVhaz9+6IUXcIQBGZ81YNAKYuHiFJ1ShvSzab4pKqTinJhwciZbrtBEk/2WsqSt2PYg==
    dependencies:
      prosemirror-transform "^1.0.0"
  
  prosemirror-collab@^1.3.0:
    version "1.3.0"
    resolved "https://registry.npmjs.org/prosemirror-collab/-/prosemirror-collab-1.3.0.tgz"
    integrity sha512-+S/IJ69G2cUu2IM5b3PBekuxs94HO1CxJIWOFrLQXUaUDKL/JfBx+QcH31ldBlBXyDEUl+k3Vltfi1E1MKp2mA==
    dependencies:
      prosemirror-state "^1.0.0"
  
  prosemirror-commands@^1.0.0, prosemirror-commands@^1.3.1:
    version "1.5.1"
    resolved "https://registry.npmjs.org/prosemirror-commands/-/prosemirror-commands-1.5.1.tgz"
    integrity sha512-ga1ga/RkbzxfAvb6iEXYmrEpekn5NCwTb8w1dr/gmhSoaGcQ0VPuCzOn5qDEpC45ql2oDkKoKQbRxLJwKLpMTQ==
    dependencies:
      prosemirror-model "^1.0.0"
      prosemirror-state "^1.0.0"
      prosemirror-transform "^1.0.0"
  
  prosemirror-dropcursor@^1.5.0:
    version "1.8.0"
    resolved "https://registry.npmjs.org/prosemirror-dropcursor/-/prosemirror-dropcursor-1.8.0.tgz"
    integrity sha512-TZMitR8nlp9Xh42pDYGcWopCoFPmJduoyGJ7FjYM2/7gZKnfD41TIaZN5Q1cQjm6Fm/P5vk/DpVYFhS8kDdigw==
    dependencies:
      prosemirror-state "^1.0.0"
      prosemirror-transform "^1.1.0"
      prosemirror-view "^1.1.0"
  
  prosemirror-gapcursor@^1.3.1:
    version "1.3.1"
    resolved "https://registry.npmjs.org/prosemirror-gapcursor/-/prosemirror-gapcursor-1.3.1.tgz"
    integrity sha512-GKTeE7ZoMsx5uVfc51/ouwMFPq0o8YrZ7Hx4jTF4EeGbXxBveUV8CGv46mSHuBBeXGmvu50guoV2kSnOeZZnUA==
    dependencies:
      prosemirror-keymap "^1.0.0"
      prosemirror-model "^1.0.0"
      prosemirror-state "^1.0.0"
      prosemirror-view "^1.0.0"
  
  prosemirror-history@^1.0.0, prosemirror-history@^1.3.0:
    version "1.3.0"
    resolved "https://registry.npmjs.org/prosemirror-history/-/prosemirror-history-1.3.0.tgz"
    integrity sha512-qo/9Wn4B/Bq89/YD+eNWFbAytu6dmIM85EhID+fz9Jcl9+DfGEo8TTSrRhP15+fFEoaPqpHSxlvSzSEbmlxlUA==
    dependencies:
      prosemirror-state "^1.2.2"
      prosemirror-transform "^1.0.0"
      rope-sequence "^1.3.0"
  
  prosemirror-inputrules@^1.2.0:
    version "1.2.0"
    resolved "https://registry.npmjs.org/prosemirror-inputrules/-/prosemirror-inputrules-1.2.0.tgz"
    integrity sha512-eAW/M/NTSSzpCOxfR8Abw6OagdG0MiDAiWHQMQveIsZtoKVYzm0AflSPq/ymqJd56/Su1YPbwy9lM13wgHOFmQ==
    dependencies:
      prosemirror-state "^1.0.0"
      prosemirror-transform "^1.0.0"
  
  prosemirror-keymap@^1.0.0, prosemirror-keymap@^1.1.2, prosemirror-keymap@^1.2.0:
    version "1.2.1"
    resolved "https://registry.npmjs.org/prosemirror-keymap/-/prosemirror-keymap-1.2.1.tgz"
    integrity sha512-kVK6WGC+83LZwuSJnuCb9PsADQnFZllt94qPP3Rx/vLcOUV65+IbBeH2nS5cFggPyEVJhGkGrgYFRrG250WhHQ==
    dependencies:
      prosemirror-state "^1.0.0"
      w3c-keyname "^2.2.0"
  
  prosemirror-markdown@^1.10.1:
    version "1.10.1"
    resolved "https://registry.npmjs.org/prosemirror-markdown/-/prosemirror-markdown-1.10.1.tgz"
    integrity sha512-s7iaTLiX+qO5z8kF2NcMmy2T7mIlxzkS4Sp3vTKSYChPtbMpg6YxFkU0Y06rUg2WtKlvBu7v1bXzlGBkfjUWAA==
    dependencies:
      markdown-it "^13.0.1"
      prosemirror-model "^1.0.0"
  
  prosemirror-menu@^1.2.1:
    version "1.2.1"
    resolved "https://registry.npmjs.org/prosemirror-menu/-/prosemirror-menu-1.2.1.tgz"
    integrity sha512-sBirXxVfHalZO4f1ZS63WzewINK4182+7dOmoMeBkqYO8wqMBvBS7wQuwVOHnkMWPEh0+N0LJ856KYUN+vFkmQ==
    dependencies:
      crelt "^1.0.0"
      prosemirror-commands "^1.0.0"
      prosemirror-history "^1.0.0"
      prosemirror-state "^1.0.0"
  
  prosemirror-model@^1, prosemirror-model@^1.0.0, prosemirror-model@^1.16.0, prosemirror-model@^1.18.1, prosemirror-model@^1.19.0, prosemirror-model@^1.8.1:
    version "1.19.0"
    resolved "https://registry.npmjs.org/prosemirror-model/-/prosemirror-model-1.19.0.tgz"
    integrity sha512-/CvFGJnwc41EJSfDkQLly1cAJJJmBpZwwUJtwZPTjY2RqZJfM8HVbCreOY/jti8wTRbVyjagcylyGoeJH/g/3w==
    dependencies:
      orderedmap "^2.0.0"
  
  prosemirror-schema-basic@^1.2.0:
    version "1.2.1"
    resolved "https://registry.npmjs.org/prosemirror-schema-basic/-/prosemirror-schema-basic-1.2.1.tgz"
    integrity sha512-vYBdIHsYKSDIqYmPBC7lnwk9DsKn8PnVqK97pMYP5MLEDFqWIX75JiaJTzndBii4bRuNqhC2UfDOfM3FKhlBHg==
    dependencies:
      prosemirror-model "^1.19.0"
  
  prosemirror-schema-list@^1.2.2:
    version "1.2.2"
    resolved "https://registry.npmjs.org/prosemirror-schema-list/-/prosemirror-schema-list-1.2.2.tgz"
    integrity sha512-rd0pqSDp86p0MUMKG903g3I9VmElFkQpkZ2iOd3EOVg1vo5Cst51rAsoE+5IPy0LPXq64eGcCYlW1+JPNxOj2w==
    dependencies:
      prosemirror-model "^1.0.0"
      prosemirror-state "^1.0.0"
      prosemirror-transform "^1.0.0"
  
  prosemirror-state@^1, prosemirror-state@^1.0.0, prosemirror-state@^1.2.2, prosemirror-state@^1.3.1, prosemirror-state@^1.4.1:
    version "1.4.2"
    resolved "https://registry.npmjs.org/prosemirror-state/-/prosemirror-state-1.4.2.tgz"
    integrity sha512-puuzLD2mz/oTdfgd8msFbe0A42j5eNudKAAPDB0+QJRw8cO1ygjLmhLrg9RvDpf87Dkd6D4t93qdef00KKNacQ==
    dependencies:
      prosemirror-model "^1.0.0"
      prosemirror-transform "^1.0.0"
      prosemirror-view "^1.27.0"
  
  prosemirror-tables@^1.3.0:
    version "1.3.2"
    resolved "https://registry.npmjs.org/prosemirror-tables/-/prosemirror-tables-1.3.2.tgz"
    integrity sha512-/9JTeN6s58Zq66HXaxP6uf8PAmc7XXKZFPlOGVtLvxEd6xBP6WtzaJB9wBjiGUzwbdhdMEy7V62yuHqk/3VrnQ==
    dependencies:
      prosemirror-keymap "^1.1.2"
      prosemirror-model "^1.8.1"
      prosemirror-state "^1.3.1"
      prosemirror-transform "^1.2.1"
      prosemirror-view "^1.13.3"
  
  prosemirror-trailing-node@^2.0.2:
    version "2.0.3"
    resolved "https://registry.npmjs.org/prosemirror-trailing-node/-/prosemirror-trailing-node-2.0.3.tgz"
    integrity sha512-lGrjMrn97KWkjQSW/FjdvnhJmqFACmQIyr6lKYApvHitDnKsCoZz6XzrHB7RZYHni/0NxQmZ01p/2vyK2SkvaA==
    dependencies:
      "@babel/runtime" "^7.13.10"
      "@remirror/core-constants" "^2.0.0"
      "@remirror/core-helpers" "^2.0.1"
      escape-string-regexp "^4.0.0"
  
  prosemirror-transform@^1.0.0, prosemirror-transform@^1.1.0, prosemirror-transform@^1.2.1, prosemirror-transform@^1.7.0:
    version "1.7.1"
    resolved "https://registry.npmjs.org/prosemirror-transform/-/prosemirror-transform-1.7.1.tgz"
    integrity sha512-VteoifAfpt46z0yEt6Fc73A5OID9t/y2QIeR5MgxEwTuitadEunD/V0c9jQW8ziT8pbFM54uTzRLJ/nLuQjMxg==
    dependencies:
      prosemirror-model "^1.0.0"
  
  prosemirror-view@^1, prosemirror-view@^1.0.0, prosemirror-view@^1.1.0, prosemirror-view@^1.13.3, prosemirror-view@^1.27.0, prosemirror-view@^1.28.2:
    version "1.30.2"
    resolved "https://registry.npmjs.org/prosemirror-view/-/prosemirror-view-1.30.2.tgz"
    integrity sha512-nTNzZvalQf9kHeEyO407LiV6DoOs/pXsid88UqW9Vvybo4ozJW2PJhkfZUxCUF1hR/9vJLdhxX84wuw9P9HsXA==
    dependencies:
      prosemirror-model "^1.16.0"
      prosemirror-state "^1.0.0"
      prosemirror-transform "^1.1.0"
  
  queue-microtask@^1.2.2:
    version "1.2.3"
    resolved "https://registry.npmjs.org/queue-microtask/-/queue-microtask-1.2.3.tgz"
    integrity sha512-NuaNSa6flKT5JaSYQzJok04JzTL1CA6aGhv5rfLW3PgqA+M2ChpZQnAC8h8i4ZFkBS8X5RqkDBHA7r4hej3K9A==
  
  quick-lru@^5.1.1:
    version "5.1.1"
    resolved "https://registry.npmjs.org/quick-lru/-/quick-lru-5.1.1.tgz"
    integrity sha512-WuyALRjWPDGtt/wzJiadO5AXY+8hZ80hVpe6MyivgraREW751X3SbhRvG3eLKOYN+8VEvqLcf3wdnt44Z4S4SA==
  
  quill-delta@^3.6.2:
    version "3.6.3"
    resolved "https://registry.npmjs.org/quill-delta/-/quill-delta-3.6.3.tgz"
    integrity sha512-wdIGBlcX13tCHOXGMVnnTVFtGRLoP0imqxM696fIPwIf5ODIYUHIvHbZcyvGlZFiFhK5XzDC2lpjbxRhnM05Tg==
    dependencies:
      deep-equal "^1.0.1"
      extend "^3.0.2"
      fast-diff "1.1.2"
  
  quill-render@^1.0.5:
    version "1.0.5"
    resolved "https://registry.npmjs.org/quill-render/-/quill-render-1.0.5.tgz"
    integrity sha512-PJaOQXaYbVD9GCwR5fVz3S/OuarbNbvzfNu9EZK745qMpyWUAAbt9YUEY+cWWPwVwVIJ00XVJpQQl+xLA1gFEQ==
    dependencies:
      cheerio "^0.19.0"
      escape-html "^1.0.3"
  
  quill@^1.3.0:
    version "1.3.7"
    resolved "https://registry.npmjs.org/quill/-/quill-1.3.7.tgz"
    integrity sha512-hG/DVzh/TiknWtE6QmWAF/pxoZKYxfe3J/d/+ShUWkDvvkZQVTPeVmUJVu1uE6DDooC4fWTiCLh84ul89oNz5g==
    dependencies:
      clone "^2.1.1"
      deep-equal "^1.0.1"
      eventemitter3 "^2.0.3"
      extend "^3.0.2"
      parchment "^1.1.4"
      quill-delta "^3.6.2"
  
  readable-stream@1.1:
    version "1.1.14"
    resolved "https://registry.npmjs.org/readable-stream/-/readable-stream-1.1.14.tgz"
    integrity sha512-+MeVjFf4L44XUkhM1eYbD8fyEsxcV81pqMSR5gblfcLCHfZvbrqy4/qYHE+/R5HoBUT11WV5O08Cr1n3YXkWVQ==
    dependencies:
      core-util-is "~1.0.0"
      inherits "~2.0.1"
      isarray "0.0.1"
      string_decoder "~0.10.x"
  
  readdirp@~3.6.0:
    version "3.6.0"
    resolved "https://registry.npmjs.org/readdirp/-/readdirp-3.6.0.tgz"
    integrity sha512-hOS089on8RduqdbhvQ5Z37A0ESjsqz6qnRcffsMU3495FuTdqSm+7bhJ29JvIOsBDEEnan5DPu9t3To9VRlMzA==
    dependencies:
      picomatch "^2.2.1"
  
  regenerator-runtime@^0.13.11:
    version "0.13.11"
    resolved "https://registry.npmjs.org/regenerator-runtime/-/regenerator-runtime-0.13.11.tgz"
    integrity sha512-kY1AZVr2Ra+t+piVaJ4gxaFaReZVH40AKNo7UCX6W+dEwBo/2oZJzqfuN1qLq1oL45o56cPaTXELwrTh8Fpggg==
  
  regexp.prototype.flags@^1.5.1:
    version "1.5.2"
    resolved "https://registry.npmjs.org/regexp.prototype.flags/-/regexp.prototype.flags-1.5.2.tgz"
    integrity sha512-NcDiDkTLuPR+++OCKB0nWafEmhg/Da8aUPLPMQbK+bxKKCm1/S5he+AqYa4PlMCVBalb4/yxIRub6qkEx5yJbw==
    dependencies:
      call-bind "^1.0.6"
      define-properties "^1.2.1"
      es-errors "^1.3.0"
      set-function-name "^2.0.1"
  
  resolve-from@^4.0.0:
    version "4.0.0"
    resolved "https://registry.npmjs.org/resolve-from/-/resolve-from-4.0.0.tgz"
    integrity sha512-pb/MYmXstAkysRFx8piNI1tGFNQIFA3vkE3Gq4EuA1dF6gHp/+vgZqsCGJapvy8N3Q+4o7FwvquPJcnZ7RYy4g==
  
  resolve@^1.21.0, resolve@^1.22.0:
    version "1.22.8"
    resolved "https://registry.npmjs.org/resolve/-/resolve-1.22.8.tgz"
    integrity sha512-oKWePCxqpd6FlLvGV1VU0x7bkPmmCNolxzjMf4NczoDnQcIWrAF+cPtZn5i6n+RfD2d9i0tzpKnG6Yk168yIyw==
    dependencies:
      is-core-module "^2.13.0"
      path-parse "^1.0.7"
      supports-preserve-symlinks-flag "^1.0.0"
  
  reusify@^1.0.4:
    version "1.0.4"
    resolved "https://registry.npmjs.org/reusify/-/reusify-1.0.4.tgz"
    integrity sha512-U9nH88a3fc/ekCF1l0/UP1IosiuIjyTh7hBvXVMHYgVcfGvt897Xguj2UOLDeI5BG2m7/uwyaLVT6fbtCwTyzw==
  
  "rollup@>=2.59.0 <2.78.0":
    version "2.64.0"
    resolved "https://registry.npmjs.org/rollup/-/rollup-2.64.0.tgz"
    integrity sha512-+c+lbw1lexBKSMb1yxGDVfJ+vchJH3qLbmavR+awDinTDA2C5Ug9u7lkOzj62SCu0PKUExsW36tpgW7Fmpn3yQ==
    optionalDependencies:
      fsevents "~2.3.2"
  
  rope-sequence@^1.3.0:
    version "1.3.3"
    resolved "https://registry.npmjs.org/rope-sequence/-/rope-sequence-1.3.3.tgz"
    integrity sha512-85aZYCxweiD5J8yTEbw+E6A27zSnLPNDL0WfPdw3YYodq7WjnTKo0q4dtyQ2gz23iPT8Q9CUyJtAaUNcTxRf5Q==
  
  run-parallel@^1.1.9:
    version "1.2.0"
    resolved "https://registry.npmjs.org/run-parallel/-/run-parallel-1.2.0.tgz"
    integrity sha512-5l4VyZR86LZ/lDxZTR6jqL8AFE2S0IFLMP26AbjsLVADxHdhB/c0GUsH+y39UfCi3dzz8OlQuPmnaJOMoDHQBA==
    dependencies:
      queue-microtask "^1.2.2"
  
  "rxjs@^6.5.3 || ^7.4.0", rxjs@>=7.5.0:
    version "7.8.1"
    resolved "https://registry.npmjs.org/rxjs/-/rxjs-7.8.1.tgz"
    integrity sha512-AA3TVj+0A2iuIoQkWEK/tqFjBq2j+6PO6Y0zJcvzLAFhEFIO3HL0vls9hWLncZbAAbK0mar7oZ4V079I/qPMxg==
    dependencies:
      tslib "^2.1.0"
  
  safari-14-idb-fix@^3.0.0:
    version "3.0.0"
    resolved "https://registry.npmjs.org/safari-14-idb-fix/-/safari-14-idb-fix-3.0.0.tgz"
    integrity sha512-eBNFLob4PMq8JA1dGyFn6G97q3/WzNtFK4RnzT1fnLq+9RyrGknzYiM/9B12MnKAxuj1IXr7UKYtTNtjyKMBog==
  
  set-function-length@^1.2.1:
    version "1.2.2"
    resolved "https://registry.npmjs.org/set-function-length/-/set-function-length-1.2.2.tgz"
    integrity sha512-pgRc4hJ4/sNjWCSS9AmnS40x3bNMDTknHgL5UaMBTMyJnU90EgWh1Rz+MC9eFu4BuN/UwZjKQuY/1v3rM7HMfg==
    dependencies:
      define-data-property "^1.1.4"
      es-errors "^1.3.0"
      function-bind "^1.1.2"
      get-intrinsic "^1.2.4"
      gopd "^1.0.1"
      has-property-descriptors "^1.0.2"
  
  set-function-name@^2.0.1:
    version "2.0.2"
    resolved "https://registry.npmjs.org/set-function-name/-/set-function-name-2.0.2.tgz"
    integrity sha512-7PGFlmtwsEADb0WYyvCMa1t+yke6daIG4Wirafur5kcf+MhUnPms1UeR0CKQdTZD81yESwMHbtn+TR+dMviakQ==
    dependencies:
      define-data-property "^1.1.4"
      es-errors "^1.3.0"
      functions-have-names "^1.2.3"
      has-property-descriptors "^1.0.2"
  
  showdown@^2.1.0:
    version "2.1.0"
    resolved "https://registry.npmjs.org/showdown/-/showdown-2.1.0.tgz"
    integrity sha512-/6NVYu4U819R2pUIk79n67SYgJHWCce0a5xTP979WbNp0FL9MN1I1QK662IDU1b6JzKTvmhgI7T7JYIxBi3kMQ==
    dependencies:
      commander "^9.0.0"
  
  socket.io-client@^4.5.1:
    version "4.6.1"
    resolved "https://registry.npmjs.org/socket.io-client/-/socket.io-client-4.6.1.tgz"
    integrity sha512-5UswCV6hpaRsNg5kkEHVcbBIXEYoVbMQaHJBXJCyEQ+CiFPV1NIOY0XOFWG4XR4GZcB8Kn6AsRs/9cy9TbqVMQ==
    dependencies:
      "@socket.io/component-emitter" "~3.1.0"
      debug "~4.3.2"
      engine.io-client "~6.4.0"
      socket.io-parser "~4.2.1"
  
  socket.io-parser@~4.2.1:
    version "4.2.4"
    resolved "https://registry.npmjs.org/socket.io-parser/-/socket.io-parser-4.2.4.tgz"
    integrity sha512-/GbIKmo8ioc+NIWIhwdecY0ge+qVBSMdgxGygevmdHj24bsfgtCmcUUcQ5ZzcylGFHsN3k4HB4Cgkl96KVnuew==
    dependencies:
      "@socket.io/component-emitter" "~3.1.0"
      debug "~4.3.1"
  
  source-map-js@^1.0.2:
    version "1.0.2"
    resolved "https://registry.npmjs.org/source-map-js/-/source-map-js-1.0.2.tgz"
    integrity sha512-R0XvVJ9WusLiqTCEiGCmICCMplcCkIwwR11mOSD9CR5u+IXYdiseeEuXCVAjS54zqwkLcPNnmU4OeJ6tUrWhDw==
  
  string_decoder@~0.10.x:
    version "0.10.31"
    resolved "https://registry.npmjs.org/string_decoder/-/string_decoder-0.10.31.tgz"
    integrity sha512-ev2QzSzWPYmy9GuqfIVildA4OdcGLeFZQrq5ys6RtiuF+RQQiZWr8TZNyAcuVXyQRYfEO+MsoB/1BuQVhOJuoQ==
  
  supports-color@^5.3.0:
    version "5.5.0"
    resolved "https://registry.npmjs.org/supports-color/-/supports-color-5.5.0.tgz"
    integrity sha512-QjVjwdXIt408MIiAqCX4oUKsgU2EqAGzs2Ppkm4aQYbjm+ZEWEcW4SfFNTr4uMNZma0ey4f5lgLrkB0aX0QMow==
    dependencies:
      has-flag "^3.0.0"
  
  supports-color@^7.1.0:
    version "7.2.0"
    resolved "https://registry.npmjs.org/supports-color/-/supports-color-7.2.0.tgz"
    integrity sha512-qpCAvRl9stuOHveKsn7HncJRvv501qIacKzQlO/+Lwxc9+0q2wLyv4Dfvt80/DPn2pqOBsJdDiogXGR9+OvwRw==
    dependencies:
      has-flag "^4.0.0"
  
  supports-preserve-symlinks-flag@^1.0.0:
    version "1.0.0"
    resolved "https://registry.npmjs.org/supports-preserve-symlinks-flag/-/supports-preserve-symlinks-flag-1.0.0.tgz"
    integrity sha512-ot0WnXS9fgdkgIcePe6RHNk1WA8+muPa6cSjeR3V8K27q9BB1rTE3R1p7Hv0z1ZyAc8s6Vvv8DIyWf681MAt0w==
  
  swiper@^11.0.7:
    version "11.0.7"
    resolved "https://registry.npmjs.org/swiper/-/swiper-11.0.7.tgz"
    integrity sha512-cDfglW1B6uSmB6eB6pNmzDTNLmZtu5bWWa1vak0RU7fOI9qHjMzl7gVBvYSl34b0RU2N11HxxETJqQ5LeqI1cA==
  
  tailwindcss@^3.0.15, "tailwindcss@>=3.0.0 || >= 3.0.0-alpha.1", "tailwindcss@>=3.0.0 || >= 3.0.0-alpha.1 || insiders":
    version "3.0.15"
    resolved "https://registry.npmjs.org/tailwindcss/-/tailwindcss-3.0.15.tgz"
    integrity sha512-bT2iy7FtjwgsXik4ZoJnHXR+SRCiGR1W95fVqpLZebr64m4ahwUwRbIAc5w5+2fzr1YF4Ct2eI7dojMRRl8sVQ==
    dependencies:
      arg "^5.0.1"
      chalk "^4.1.2"
      chokidar "^3.5.2"
      color-name "^1.1.4"
      cosmiconfig "^7.0.1"
      detective "^5.2.0"
      didyoumean "^1.2.2"
      dlv "^1.1.3"
      fast-glob "^3.2.7"
      glob-parent "^6.0.2"
      is-glob "^4.0.3"
      normalize-path "^3.0.0"
      object-hash "^2.2.0"
      postcss-js "^4.0.0"
      postcss-load-config "^3.1.0"
      postcss-nested "5.0.6"
      postcss-selector-parser "^6.0.8"
      postcss-value-parser "^4.2.0"
      quick-lru "^5.1.1"
      resolve "^1.21.0"
  
  throttle-debounce@^3.0.1:
    version "3.0.1"
    resolved "https://registry.npmjs.org/throttle-debounce/-/throttle-debounce-3.0.1.tgz"
    integrity sha512-dTEWWNu6JmeVXY0ZYoPuH5cRIwc0MeGbJwah9KUNYSJwommQpCzTySTpEe8Gs1J23aeWEuAobe4Ag7EHVt/LOg==
  
  tippy.js@^6.3.7:
    version "6.3.7"
    resolved "https://registry.npmjs.org/tippy.js/-/tippy.js-6.3.7.tgz"
    integrity sha512-E1d3oP2emgJ9dRQZdf3Kkn0qJgI6ZLpyS5z6ZkY1DF3kaQaBsGZsndEpHwx+eC+tYM41HaSNvNtLx8tU57FzTQ==
    dependencies:
      "@popperjs/core" "^2.9.0"
  
  to-regex-range@^5.0.1:
    version "5.0.1"
    resolved "https://registry.npmjs.org/to-regex-range/-/to-regex-range-5.0.1.tgz"
    integrity sha512-65P7iz6X5yEr1cwcgvQxbbIw7Uk3gOy5dIdtZ4rDveLqhrdJP+Li/Hx6tyK0NEb+2GCyneCMJiGqrADCSNk8sQ==
    dependencies:
      is-number "^7.0.0"
  
  tslib@^2.1.0, tslib@^2.3.0:
    version "2.6.2"
    resolved "https://registry.npmjs.org/tslib/-/tslib-2.6.2.tgz"
    integrity sha512-AEYxH93jGFPn/a2iVAwW87VuUIkR1FVUKB77NwMF7nBTDkDrrT/Hpt/IrCJ0QXhW27jTBDcf5ZY7w6RiqTMw2Q==
  
  type-fest@^2.0.0:
    version "2.19.0"
    resolved "https://registry.npmjs.org/type-fest/-/type-fest-2.19.0.tgz"
    integrity sha512-RAH822pAdBgcNMAfWnCBU3CFZcfZ/i1eZjwFU/dsLKumyuuP3niueg2UAukXYF0E2AAoc82ZSSf9J0WQBinzHA==
  
  uc.micro@^1.0.1, uc.micro@^1.0.5:
    version "1.0.6"
    resolved "https://registry.npmjs.org/uc.micro/-/uc.micro-1.0.6.tgz"
    integrity sha512-8Y75pvTYkLJW2hWQHXxoqRgV7qb9B+9vFEtidML+7koHUFapnVJAZ6cKs+Qjz5Aw3aZWHMC6u0wJE3At+nSGwA==
  
  util-deprecate@^1.0.2:
    version "1.0.2"
    resolved "https://registry.npmjs.org/util-deprecate/-/util-deprecate-1.0.2.tgz"
    integrity sha1-RQ1Nyfpw3nMnYvvS1KKJgUGaDM8=
  
  vite@^2.5.10, vite@^2.7.2:
    version "2.9.17"
    resolved "https://registry.npmjs.org/vite/-/vite-2.9.17.tgz"
    integrity sha512-XxcRzra6d7xrKXH66jZUgb+srThoPu+TLJc06GifUyKq9JmjHkc1Numc8ra0h56rju2jfVWw3B3fs5l3OFMvUw==
    dependencies:
      esbuild "^0.14.27"
      postcss "^8.4.13"
      resolve "^1.22.0"
      rollup ">=2.59.0 <2.78.0"
    optionalDependencies:
      fsevents "~2.3.2"
  
  vue-quill@^1.5.1:
    version "1.5.1"
    resolved "https://registry.npmjs.org/vue-quill/-/vue-quill-1.5.1.tgz"
    integrity sha512-4U3pMsBy2Vc4SSanZ6l1hzuB+m6vN9IERZzzOp+U2ziIcA6uGJYoxONmdPJkrMbcHpYYNrATqZOlWBuXqti30w==
    dependencies:
      lodash.defaultsdeep "^4.6.0"
      quill "^1.3.0"
      quill-render "^1.0.5"
  
  vue-router@^4.0.12, vue-router@^4.1.6:
    version "4.3.0"
    resolved "https://registry.npmjs.org/vue-router/-/vue-router-4.3.0.tgz"
    integrity sha512-dqUcs8tUeG+ssgWhcPbjHvazML16Oga5w34uCUmsk7i0BcnskoLGwjpa15fqMr2Fa5JgVBrdL2MEgqz6XZ/6IQ==
    dependencies:
      "@vue/devtools-api" "^6.5.1"
  
  vue@^3.0.0, vue@^3.2.0, vue@^3.2.25, vue@^3.2.45, vue@>=3.0.0, vue@3.4.19:
    version "3.4.19"
    resolved "https://registry.npmjs.org/vue/-/vue-3.4.19.tgz"
    integrity sha512-W/7Fc9KUkajFU8dBeDluM4sRGc/aa4YJnOYck8dkjgZoXtVsn3OeTGni66FV1l3+nvPA7VBFYtPioaGKUmEADw==
    dependencies:
      "@vue/compiler-dom" "3.4.19"
      "@vue/compiler-sfc" "3.4.19"
      "@vue/runtime-dom" "3.4.19"
      "@vue/server-renderer" "3.4.19"
      "@vue/shared" "3.4.19"
  
  w3c-keyname@^2.2.0:
    version "2.2.6"
    resolved "https://registry.npmjs.org/w3c-keyname/-/w3c-keyname-2.2.6.tgz"
    integrity sha512-f+fciywl1SJEniZHD6H+kUO8gOnwIr7f4ijKA6+ZvJFjeGi1r4PDLl53Ayud9O/rk64RqgoQine0feoeOU0kXg==
  
  ws@~8.11.0:
    version "8.11.0"
    resolved "https://registry.npmjs.org/ws/-/ws-8.11.0.tgz"
    integrity sha512-HPG3wQd9sNQoT9xHyNCXoDUa+Xw/VevmY9FoHyQ+g+rrMn4j6FB4np7Z0OhdTgjx6MgQLK7jwSy1YecU1+4Asg==
  
  xmlhttprequest-ssl@~2.0.0:
    version "2.0.0"
    resolved "https://registry.npmjs.org/xmlhttprequest-ssl/-/xmlhttprequest-ssl-2.0.0.tgz"
    integrity sha512-QKxVRxiRACQcVuQEYFsI1hhkrMlrXHPegbbd1yn9UHOmRxY+si12nQYzri3vbzt8VdTTRviqcKxcyllFas5z2A==
  
  xtend@^4.0.2:
    version "4.0.2"
    resolved "https://registry.npmjs.org/xtend/-/xtend-4.0.2.tgz"
    integrity sha512-LKYU1iAXJXUgAXn9URjiu+MWhyUXHsvfp7mcuYm9dSUKK0/CjtrUwFAxD82/mCWbtLsGjFIad0wIsod4zrTAEQ==
  
  yaml@^1.10.0, yaml@^1.10.2:
    version "1.10.2"
    resolved "https://registry.npmjs.org/yaml/-/yaml-1.10.2.tgz"
    integrity sha512-r3vXyErRCYJ7wg28yvBY5VSoAF8ZvlcW9/BwUzEtUsjvX/DKs24dIkuwjtuprwJJHsbyUbLApepYTR1BN4uHrg==
  
  zone.js@>=0.11.0, zone.js@~0.14.0:
    version "0.14.4"
    resolved "https://registry.npmjs.org/zone.js/-/zone.js-0.14.4.tgz"
    integrity sha512-NtTUvIlNELez7Q1DzKVIFZBzNb646boQMgpATo9z3Ftuu/gWvzxCW7jdjcUDoRGxRikrhVHB/zLXh1hxeJawvw==
    dependencies:
      tslib "^2.3.0"
